2.634698812740175061e-02
2.118956067412473138e-02
1.618307431582365064e-02
4.008297205336527197e-02
3.128727286810934621e-02
3.974627355245367866e-02
1.547109173070430020e-02
2.013720542759449977e-02
9.024804085056055067e-03
1.766685403819018632e-02
2.875946110993272270e-02
3.497297648945612430e-02
1.039089150410396102e-02
4.153597210650438604e-02
1.100504539963094268e-02
1.846931498890390724e-02
1.328022356974472781e-02
3.596637459096922729e-02
2.849276926540517119e-02
2.875936635675186911e-02
1.932166725835951374e-03
5.291807041553213929e-03
2.087963790812665324e-02
2.758263727498332790e-02
2.675936105536884033e-02
3.045589618280620040e-02
2.670323095877990063e-02
3.196663175929410905e-02
4.396689139839050214e-02
2.864524448163719914e-02
4.044198133171906379e-02
2.266614949777587262e-02
1.645393282616407910e-02
3.334685102310644411e-02
3.528082111629440853e-02
2.887543374869368240e-02
3.557268311899726421e-02
3.406115832576210589e-02
2.696821611568980120e-02
2.949671418410944670e-02
1.494601868760098151e-02
2.662538527017794393e-02
1.729176917705913322e-02
4.125151648792781123e-02
2.630478654383178530e-02
4.329556209148617552e-02
4.283855544718391528e-02
2.297228887322754626e-02
3.967735532807531440e-02
3.141025137709466813e-02
2.892829179661502922e-02
3.358627789721532059e-02
4.202461899039171972e-02
2.154879715423020300e-02
3.874533147966725821e-02
3.018643265120081812e-02
3.331738684303938575e-02
4.259439575677172185e-02
3.616621527767870103e-02
3.639295713684360944e-02
2.605349733905949761e-02
3.780861783844677998e-02
3.338819924157901929e-03
3.146946859070952340e-02
1.563375212831501215e-02
2.232643676352826304e-02
3.473187424635699322e-02
2.079238100653122562e-02
3.766460681370981112e-02
3.016612672051950314e-02
2.116164692173533660e-02
1.477407264124438492e-02
4.440631210603347701e-02
4.402524955285916364e-02
1.264500609005748261e-02
2.969774593752496153e-02
3.923934344052074086e-02
4.106386548632637301e-02
1.659667260615748166e-02
4.382291090191126059e-02
4.394755306380642573e-02
2.394591962827839760e-02
3.240116769804327751e-02
4.070591978082125501e-02
2.658072694217868473e-02
1.901111864425222148e-02
1.010974772424373669e-02
2.476011693766897587e-02
4.461864792263007390e-02
3.648813399828212956e-02
1.335653351456046224e-02
4.296508498094707418e-02
4.018422501743541819e-02
3.870003470091910175e-03
4.310895753733232083e-02
4.297154166047056217e-02
4.291115098060287181e-02
4.299951265185824462e-02
1.912731022779423640e-02
2.182255016794801619e-02
1.709235935532341794e-02
1.070119197540847153e-02
2.805023370061451513e-02
1.782259566091888570e-02
2.830490770416202451e-02
1.970069657549053735e-02
3.994450197978600611e-03
1.933812323038500494e-02
4.140480729828179864e-03
2.896911957969151852e-02
3.963013540643613858e-02
2.498624116682962928e-02
4.334039420190997915e-02
5.830323731564681332e-03
3.754629670472280772e-02
4.405326141473681067e-02
2.161158334164050426e-02
1.864957924995716554e-02
1.903857535953902211e-02
1.969226478043200473e-02
3.579460255281874392e-02
3.965922349246284867e-02
3.626646467347034025e-02
3.876273466834002229e-02
4.048673761396971021e-02
3.220683615589278737e-02
4.088660724389716478e-02
2.745976710791122460e-02
2.510353197030212868e-02
2.698473003763428302e-02
2.114228484174335634e-02
4.317574513531924341e-02
2.542622626051587939e-02
4.210440625098156586e-02
2.900225435094596141e-02
2.311414117405818230e-02
2.439221846449978262e-02
2.274141032478791541e-02
4.369629094411218995e-02
1.888325650584235169e-02
8.467548143086828932e-03
4.440878257489753317e-02
1.726343226969470623e-02
4.108301717807608111e-02
1.823325753346840758e-02
3.364941767957322499e-02
2.583039136383612905e-02
1.220310866074945239e-02
3.939405974551084266e-02
2.499643588250803974e-02
4.453048683877539049e-02
3.268473861723298485e-02
4.079785782969187757e-02
3.268819026911731068e-02
3.222743854226545884e-02
3.803460175112496205e-02
4.382476281539238877e-02
3.186324761367261699e-02
1.521889366087909867e-02
2.371900885698947567e-02
2.376141734898081989e-02
2.684662587370193268e-02
2.455638297225079883e-02
3.596875998758124887e-02
4.168547047674608236e-02
2.610057018301111670e-02
1.681232547136422839e-02
4.351830745915246518e-02
3.977511907550283776e-02
2.199686878692854244e-02
1.873779281044865921e-02
2.169589764754760799e-02
3.788894547739589391e-02
3.570117013488650209e-02
6.747474981648432513e-03
2.871676337012816008e-02
4.034139249385116505e-02
2.768177331293844232e-02
3.972156573713257754e-02
3.415450861917684877e-02
3.516106582192261160e-02
2.064423537998082495e-02
3.926320765079958225e-02
3.490848022608274148e-02
1.413609419877283509e-02
4.216357500319568158e-02
1.857026117329717632e-02
3.882071714273640367e-02
4.375821349122380882e-02
1.687433516468005851e-02
3.662381212058281321e-02
3.639388412961275243e-02
1.929377232434629011e-02
9.287505434242768199e-03
4.061405840238040132e-02
1.739389495378986308e-02
1.280288572719543057e-02
3.945425378625586066e-02
3.137712282358567223e-02
2.786376366955942846e-02
3.480135184002734750e-02
3.859460515161042965e-02
1.994373353542538974e-02
2.620705003520358567e-02
3.810223346019654678e-02
4.332779009942955978e-02
3.192850680687439602e-02
3.469378057212795657e-02
2.471355920835322656e-02
2.826605193781589129e-02
4.089324824456826157e-02
2.484963746284726480e-02
4.059250581284615245e-02
2.367244761747825180e-02
1.205809661526510528e-02
3.533661664614134307e-02
2.431296957921703916e-02
2.004558901618468114e-02
2.354180548462161959e-02
4.265114868221626249e-02
3.174049099401580337e-02
2.118237810799776868e-02
1.353101322538993213e-02
3.538221588585131056e-02
2.350649437350960103e-02
3.595368709013553599e-02
4.050566964756258104e-02
4.365585145261884070e-02
3.311398232611078435e-02
3.226603120761745158e-02
2.510650487127386379e-02
3.202406574798500466e-02
3.993114251329477060e-02
3.258518717022781258e-02
4.009384746281993706e-02
3.648551777515349898e-02
3.938349232607392392e-02
1.697343219407883644e-02
2.815494963666034800e-02
4.303435608733507250e-02
4.150622339555468110e-02
4.240373147663304559e-02
3.896904986466602494e-02
4.152082385545282500e-02
4.088351085695379056e-02
3.953201125286374962e-02
3.568177980391699922e-02
3.566419338492921032e-02
3.880835872367965206e-02
2.921064260155617834e-02
3.926061844982706162e-02
3.986564016999823851e-02
2.543947218454935960e-02
2.291794740407635672e-02
3.586880952307306553e-02
3.657740395919324705e-02
2.734997118943849684e-02
3.969884015848202524e-02
3.091006585472077031e-02
2.416415294992672880e-02
4.060636811185911604e-02
2.160774666502610769e-02
2.922468113191331596e-02
3.672250927090583289e-02
4.422294520263537337e-02
3.592909959691889532e-02
3.148593191928753671e-02
3.725411979419705755e-02
1.170449257610844257e-02
3.949702384254769744e-02
4.260828294456181498e-02
3.485979588371158205e-02
3.270864273950114393e-02
4.149988585804061797e-02
1.504627604487481646e-02
2.703998191082005592e-02
4.447312810089391194e-02
1.553834921849209759e-02
3.595441032021060718e-02
2.083827546407460499e-02
2.294262362705660682e-02
3.731349561269819981e-02
3.390394506543401715e-02
2.935832943739307560e-02
2.944619755777915654e-02
3.330191681158983091e-02
4.311371402842600897e-02
5.254497341487663134e-03
3.174370511685411372e-02
2.026737488727239217e-02
4.384025042347022838e-02
4.391779501638104488e-02
4.081009487590717827e-02
3.981535349733027890e-02
4.430700018254856570e-02
2.075425302398259050e-02
3.769963236020285047e-02
3.177063596066881379e-02
3.462836434431224714e-02
3.559855749196709496e-02
1.298452682181964676e-02
2.543124732362666424e-02
4.297542368559818804e-02
4.352325281683562530e-02
3.457844047261799530e-02
7.210719814518841246e-03
3.686701544562332594e-02
1.134653280042102405e-02
3.372558657803706450e-02
4.056945982260780348e-02
2.367119071988157963e-02
4.066709286455301442e-02
2.371085556937428673e-02
4.273698649638236341e-02
1.580472011273464233e-02
2.463509076357619371e-02
2.784070773773146545e-02
4.396602483059308675e-02
2.881291127075167463e-02
3.317026798381008529e-02
1.228845396670807076e-02
1.366510133674393203e-02
2.315815914918357282e-02
1.811560937844280961e-02
2.161189461897831260e-02
4.433902042500691837e-02
3.016172378067509541e-02
1.995427980462686005e-02
4.321159179265730843e-02
2.498542199708700742e-02
3.914272611363488197e-02
4.329422834924457480e-02
3.697191957440575105e-02
1.635512522295594351e-02
3.819453535186914661e-02
4.394194805462987158e-02
1.046634316973746141e-02
2.816095247159274700e-02
2.576590005169866748e-02
4.277756863282777128e-02
4.461896245538135575e-02
3.706255524109004079e-02
8.766962230852963153e-03
3.642844953737927466e-02
2.887295949544237475e-02
4.147064517549084450e-02
4.251599951066635519e-02
1.513213215580010498e-02
3.690704254789917843e-02
2.100671931133250847e-02
3.167553637029676961e-02
1.788976487674227497e-02
2.868202685207459079e-02
2.532396557060867526e-02
3.117622221125385812e-02
3.114968844114045579e-02
3.917544737171775593e-02
4.127567413293548038e-02
3.438640813522838430e-02
1.400455850054952572e-02
4.035932164868145933e-02
3.914007696691223365e-02
4.433105738318837696e-02
3.763485599068187859e-02
8.087660430634628639e-03
4.221293180114397969e-02
2.353366410409818074e-02
3.435534380073348992e-02
2.481550108737102384e-02
4.292657413554879647e-02
4.435116164523813381e-02
2.898481003825822532e-03
1.929420954283718459e-02
2.985635918559305380e-02
4.181233010812698825e-02
4.122065077067104712e-03
4.320629691494449337e-02
2.611883006176903346e-02
3.127683743139764161e-02
3.895082060476003777e-02
3.702259585842659906e-02
2.252965574214925437e-02
3.880962243958600844e-02
3.940844487337702429e-02
3.219623651979552914e-02
3.026837863194006481e-02
1.639544525819918927e-02
3.146837887474047968e-02
1.638885697753800913e-02
4.063344659851642060e-02
3.480749549778781871e-02
4.301945700139808010e-02
4.417331239337421445e-02
4.054010435956441338e-02
4.112519532707055447e-02
9.462979644713922708e-03
2.023099878957456896e-02
4.396238968021515259e-02
3.291192943191193626e-02
2.737986620757042883e-02
4.017062209893419028e-02
1.959139736174046048e-02
2.717788617846503274e-02
3.136788900378377487e-02
3.942733560525137071e-02
2.871207471514225854e-02
2.557874987228867317e-02
4.356867518025341057e-02
3.381735173012257595e-02
1.369245167679136385e-02
2.722502944447609263e-02
1.067372975959509848e-02
3.946381808547862885e-02
3.434384019063171922e-02
4.350022411421859692e-02
4.065614407413056103e-02
1.382534581786571369e-02
2.572330092188952408e-02
2.067857201772948378e-02
4.343111070311317379e-02
1.001713236362428670e-02
3.204810590806702469e-02
3.245908735130383777e-02
4.347853232794827300e-02
1.142168845076177441e-02
2.443684921735135226e-02
4.210125930531958410e-02
3.180501503042866551e-02
3.269776326072324629e-02
2.760878082945818907e-02
2.573691163808909319e-02
1.637340044321857271e-02
4.458223401641860095e-02
3.630956517172200665e-02
2.031559041294806953e-02
3.606004360310039597e-02
2.955854712724058364e-02
3.694795749324592676e-02
1.758495728157397769e-02
3.757731058831114551e-02
3.885645863559842456e-02
1.635243075010573907e-02
2.398210694448316832e-02
1.558034759586161486e-02
4.226604402845447056e-02
3.274499998622045632e-02
9.045131800916246176e-03
1.225971812952702730e-02
2.903157275408654869e-02
3.188216792558817153e-02
2.085726603708656923e-02
2.761455050923412174e-02
4.036237317437702671e-02
1.007416440785878671e-02
2.674516422498451548e-02
2.327252811329464863e-02
2.266218801145982592e-02
3.948250577913946235e-02
4.457820558434795466e-02
1.101302194440654039e-02
3.076784390048310780e-02
2.652463146910653477e-02
2.993766784581631743e-02
3.817823315204882384e-02
3.170574167043372499e-02
4.394348409983574871e-02
4.359274218578103322e-02
2.425949614651461139e-02
4.350669233188492885e-02
4.197355733785733400e-02
3.867945116637286351e-02
1.647971276894286824e-02
4.391378224945716169e-02
2.319778929902456890e-02
2.342496920195996299e-02
2.691447387585936893e-02
4.136394875416406214e-02
1.133471032996333575e-02
4.007620997383054551e-02
3.836325786457538134e-02
1.892627077800516922e-02
3.979337692442298097e-02
3.792979858277638339e-02
3.129497041637122751e-02
2.892394081120413032e-02
3.555179131958310923e-02
3.848315350304710308e-02
3.330749309255293111e-02
3.000760400229118136e-02
2.044046359955735415e-02
4.242597052158620513e-02
1.757875324651739929e-02
2.460938008433134760e-02
2.386002136484818500e-02
1.994863567370818574e-02
2.532410513948621725e-02
3.954786424488272029e-02
4.313044791901806535e-02
3.889601200168468775e-02
3.914034541376543858e-02
3.768490621986196609e-02
4.311602056907969105e-02
3.174707897378858251e-02
2.247376083745742520e-02
1.985378193562321175e-02
2.016357736565695807e-02
4.017537207879533917e-02
2.151259702859579376e-02
2.382100436128552559e-02
1.146799363472578506e-02
1.582357759503922809e-02
2.314480769986354547e-02
7.047843642045405373e-03
3.937356372430827339e-02
3.598213914465159258e-02
3.303710045539017676e-02
4.282710266827292195e-02
2.436203132835994614e-02
3.168694030754545810e-02
2.681564154361409588e-02
3.607300239523865415e-02
2.476121400663640684e-02
2.235362103429807887e-02
6.504536939343717392e-03
6.777028273652869507e-03
6.505677647277254873e-03
4.379504049872527671e-02
4.420582252401488582e-02
9.151122542338838151e-03
3.377454477154661489e-02
4.356783440474021329e-02
4.285575307679478918e-02
4.017876595306230786e-02
3.398971336391282128e-02
1.752565379896877176e-02
1.384554538184946254e-02
2.965541296500938048e-02
3.276318165597325027e-02
6.824937307391055856e-03
4.170101029533215126e-02
1.499896306222993185e-02
3.820902221851866370e-02
4.333305372370512693e-02
4.205891494361403693e-02
4.220930896307191482e-02
2.525061091379586509e-02
1.183233757493911721e-02
4.330361648128050467e-02
2.904267730643455767e-02
2.964451393158914691e-02
1.270546769402127602e-02
3.429901499291690414e-02
1.767375162908274913e-02
2.489885596491670308e-02
3.084104712105638704e-02
3.548058691801848907e-02
2.876477230230452958e-02
1.838072052744911880e-02
3.961837803669519126e-02
2.129805110563483955e-02
2.376024908392183541e-02
2.600697972475514083e-02
4.278318064387994640e-02
2.675167013051635637e-02
1.671683031336168926e-02
2.294932196463002685e-02
3.291727243313580589e-03
2.739476125318909827e-02
3.807021033177041686e-02
3.764489590025701937e-02
2.723949874266162752e-02
2.906570657881675512e-02
3.882094321379262608e-02
3.223531589228988137e-02
3.790021467129994076e-02
4.141451982124374348e-02
2.130063564388469388e-02
2.391724763817952570e-02
4.080668993859559723e-02
4.353593382018990099e-02
4.023855152302266425e-02
3.787311322947627124e-02
1.808141167004904959e-02
1.005006414130900534e-02
3.641897778138748765e-02
2.585138300197093245e-02
4.154630189426233161e-02
2.278329389590008983e-02
3.214968577988659010e-02
4.403713899756732386e-02
2.448029934069163166e-02
2.301556256314371204e-02
2.100568494265156461e-02
1.245672773625229081e-02
4.374303961207420127e-02
4.022036818146246251e-02
2.125242358056377359e-02
4.304747267746243666e-02
2.476390052543554765e-02
2.236600721524887800e-02
3.239318148438373457e-02
2.785920188068828976e-02
3.160270421218508430e-02
2.459233677044781255e-02
3.123035989235152521e-02
6.790799371506449876e-03
3.720436288454473384e-02
4.457086609224433782e-02
2.899927916446037174e-02
4.246006250268773152e-02
3.210393922449557985e-02
1.243592213655016730e-02
2.469661925680296730e-02
3.513615648517029455e-02
3.414889919031810495e-02
2.432569279165287812e-02
3.602117881219674134e-02
1.725898537388441401e-02
1.062720713618399947e-02
4.383463516715867259e-02
3.491381758930564572e-02
2.701871127102788150e-02
5.518603326145584027e-03
2.912316561489394773e-02
2.717845608607866517e-02
3.160005504657242142e-02
2.491782342234798511e-02
2.346684554909850284e-02
3.514878867345951063e-02
2.321327143470042903e-02
3.281147621969540684e-02
1.791450846005862921e-02
4.320473839185513115e-02
3.543618171810592604e-02
3.064222524356879571e-02
4.391404340288745933e-02
3.776426319111848146e-02
2.719084502735433576e-02
2.908402101524360656e-02
3.957370097638221451e-02
3.042830561639669334e-02
8.809792345877233422e-03
2.240272577719515032e-02
2.045937327501594349e-02
8.455200650135299284e-03
3.061840289568773174e-02
3.629800412655790481e-02
3.828919508875059524e-02
3.867166460310714204e-02
3.962534164543682347e-02
3.284775382158054008e-02
4.001057914075562688e-02
3.540692776047546508e-02
3.509313933432490346e-02
3.697293171189162952e-02
3.817676151128671785e-02
4.303506718492277477e-02
2.535979349031970004e-02
2.867695208022179310e-02
2.847984772786769925e-02
4.438390270645790892e-02
3.103777041895195918e-02
1.230108102348331615e-02
4.157820124206450252e-02
2.348510694676893620e-02
9.796219924239896529e-03
2.728397555744508166e-02
1.061145170128466840e-02
2.850858792464039393e-02
4.416444100820326318e-02
2.180372487199297091e-02
2.054431363771725902e-02
1.843582139209163154e-02
3.347756319576612044e-02
4.204520917099156124e-02
1.443288290091008542e-02
3.987692285291911248e-02
3.256610171241586943e-02
2.768034697715629489e-02
6.620824007217186898e-03
1.004369436214658934e-02
3.624954979081723705e-02
9.069902756289686604e-03
3.921390969664488579e-02
1.721964859391517111e-02
2.209725300301465870e-02
3.502380345593545524e-02
1.575807430434405729e-02
4.375761227578556234e-02
2.428365009449994644e-02
9.207610710712221466e-03
3.470932497116519660e-02
3.864214486628825274e-02
2.486021878287730108e-02
3.917108126760771719e-02
2.823622025764984528e-02
3.732185086744913699e-02
1.833555982474284474e-02
3.991846754893088600e-02
3.649216352684516579e-02
8.481062694408368630e-03
1.011127305277260621e-02
3.265342773713147267e-02
1.387428118750910766e-02
6.255484890394335043e-03
2.016134288403070504e-02
3.630270174568445141e-02
4.453214258813541909e-02
4.251906042299272853e-02
4.446889809621554918e-02
4.096900955476961981e-02
3.684496998794240669e-02
2.213531022321910471e-02
1.485157415800074376e-02
2.124443162740629817e-02
1.272787704395421382e-02
3.563838150101150681e-02
1.621697828689087212e-02
3.323671160096451638e-02
3.437088227361142362e-02
3.064291927259820553e-02
2.844055538105879147e-02
4.454263303090025272e-02
3.949088683566709390e-02
3.596540599781124226e-02
2.986948166337187460e-02
3.788866554044404561e-02
1.598631067505924125e-02
6.242996698359522777e-03
4.347097751564857337e-02
8.038825069489496933e-03
7.924968954748557240e-03
2.984473607663005318e-02
9.739939758348591797e-03
1.369418820681731971e-02
2.275307862552478425e-02
3.145752795791194323e-02
4.280654764726918304e-02
3.298714145772062983e-02
3.312664558064486175e-02
4.191531907148612901e-02
3.723390797908437272e-02
3.875595322898654077e-02
2.314056336645218051e-02
1.165727679732088580e-02
2.221208630840138323e-02
5.285935839280780577e-03
4.258501924645329700e-02
2.858873650291728075e-02
1.661391596742563606e-02
3.639411522024009471e-02
2.504805734083459176e-02
1.222859069235761667e-02
3.174139934877446417e-02
3.759309398616031417e-02
2.519769320289570735e-02
3.426256631875117947e-02
3.020588427396879785e-02
2.746836716424733843e-02
3.032042918474519080e-02
2.842507724033853031e-02
3.473367741100583106e-02
2.160381818848835719e-02
3.851045721272414873e-02
2.301575500243220260e-02
1.102018619570153957e-02
1.655527602054313041e-02
2.931365835578100126e-02
4.295540678596269923e-02
4.211482983439560068e-02
4.153900479087056091e-02
3.677176553986078594e-02
3.836130858860593157e-02
3.360538416096948977e-02
4.414188653727125350e-02
2.227759333075765916e-02
2.792062819792679590e-02
2.826548788290986908e-02
3.908989566773811430e-02
1.886027891506909110e-02
3.995164554417101471e-02
1.307366759344936319e-02
3.526836498447749602e-02
2.632837601383030204e-02
1.968836114014399855e-02
2.970244466512976175e-02
2.268926666740810061e-02
2.712122933268669780e-02
3.771265177421872367e-02
3.891447109600536247e-02
4.284384598109149123e-02
2.861376350061403326e-02
2.836051247183402763e-02
3.287359946800448574e-02
3.080839280953866569e-02
1.720585704494464324e-02
3.499386292332257870e-02
3.098061939229046491e-02
2.870758735820311269e-02
3.179690544439415373e-02
3.212217938680433232e-02
2.951586852784701329e-02
3.493547994484416663e-02
9.694721931927620037e-03
2.789496926752656550e-02
3.429163986668352926e-02
3.017924762914895448e-02
2.643242013606673935e-02
4.349805410181261517e-02
3.700205411144526224e-02
4.188681740767008499e-02
2.906971672410189975e-03
2.165625295343007878e-02
2.875316203492419426e-02
4.322486813966219116e-02
2.727248786928567620e-02
1.272833252857030577e-02
3.458777149066030732e-02
3.669546875933321628e-02
2.909875941358264564e-02
1.402932357926809856e-02
2.207974919515638679e-02
3.434902636684200594e-02
1.174925748631602991e-02
4.031670013377727790e-02
3.401615334562825554e-02
1.717512833481821613e-02
4.151087616874946790e-02
1.626323050901356745e-02
2.728222184402230230e-02
7.452059859943188300e-03
3.951890193965829079e-02
2.616262354140421950e-02
1.488066151011803624e-02
3.001566402445341591e-02
3.964994224788023769e-02
2.420450983311372983e-02
1.786535491333952896e-02
3.355428570049841241e-02
1.968701847110430891e-02
1.979731291309226246e-02
2.105498732706058071e-02
1.184150156690435239e-02
4.346034037516278981e-02
3.685237516015234249e-02
1.709696654502769128e-02
2.082938641900493673e-02
1.392785807011598896e-02
3.755128211919134262e-02
3.004896989258522971e-02
1.717028014901375230e-02
2.726929710086855446e-02
4.276196249176320713e-02
2.278388809334935469e-02
2.428779031714895995e-02
1.942319193123904705e-02
3.465339183770812376e-02
2.295026136202940256e-02
3.470044982494856212e-02
4.326610991411899282e-02
3.973509811446700180e-02
4.199288749804300225e-02
2.682278222252262867e-02
1.236771356710679622e-02
2.069422063042052756e-02
3.668590168195158541e-02
1.518888875975083971e-02
3.146481470312290085e-02
8.534621640186049185e-03
3.506274735152920680e-02
4.458944580436168675e-02
2.678951090980202093e-02
1.242450764647276377e-02
2.692925327151135181e-02
3.518690318217607832e-02
8.489672638177977668e-03
2.996156850472908931e-02
2.960964098426739632e-02
3.558549559293436304e-02
1.367806012925250683e-02
2.767621436036142926e-02
3.539102639872159645e-02
2.957117301478147733e-02
2.684487234656344340e-02
2.885686845596966213e-02
2.508315068302133244e-02
2.709121721517894488e-02
2.225540273943404923e-02
4.432364742714487577e-02
4.428464197459092838e-02
1.764847213026804473e-02
3.327976483605746966e-02
1.860247083791309597e-02
4.367469069103917939e-02
3.293953741405677982e-02
2.137685083116554197e-02
2.098418455304804087e-02
2.562236206115936846e-02
2.496410008155160176e-02
1.620562765645161205e-02
3.440039549115523482e-02
4.174279966404618319e-02
2.824557038326944852e-02
4.323381170081517372e-02
3.367270226198828403e-02
4.333517225066098322e-02
2.099853096647577230e-02
7.881987030185754958e-03
2.910634502249689892e-02
4.046551181659022861e-02
2.745668015334748469e-02
1.768214088024485861e-02
1.490806142299760592e-02
2.847947133832193917e-02
4.134713391823396922e-02
1.029676487336944092e-02
3.571608686647388675e-02
4.209918248607476959e-02
1.466765007275613528e-02
1.945339335532835986e-02
8.023097714038713441e-03
2.997065210486861420e-02
3.946670931944040728e-02
3.593005455405110654e-02
4.095149318004929345e-02
1.330910408730210867e-02
2.692722180738282498e-02
3.443047071387065478e-02
2.452362127835796754e-02
3.799894835163263734e-02
2.791096991964179749e-02
3.847047961164261343e-02
2.557936655114010152e-02
3.691770885592059875e-02
3.400039506889909052e-02
3.041810899363585341e-02
3.419381896291054379e-02
4.309418545373961545e-02
4.173208999613971931e-02
3.849219950632768589e-02
4.286378129373970974e-02
2.965617466271757569e-02
4.226489558550594605e-02
2.250763235142520455e-02
3.642860829255367000e-02
4.410094605126903961e-02
3.514394108891644164e-02
3.868400991086162061e-02
1.865536341772543877e-02
2.105061004777266861e-02
4.154927999615417450e-02
3.928502113000326840e-02
1.082783039322775254e-02
4.442258755992640334e-02
3.784611793975486277e-02
1.853412603852132995e-02
2.051858323282847174e-02
4.302759150760121498e-02
3.685200956884252671e-02
2.959931856376752171e-02
2.136489164522648032e-02
3.061682636882855427e-02
3.723545640903169057e-02
1.767938769380479960e-02
2.917975982475836880e-02
3.481886375762092978e-02
9.455752359800366144e-03
2.638559600542925154e-02
2.979594460599869002e-02
2.096870173787208219e-02
3.624841780970586985e-02
2.959130226352124984e-02
2.317865101433215155e-02
3.847641859462209296e-02
2.878602065707240587e-02
4.250632030525066524e-02
2.727882888980434281e-02
4.410419532265005133e-02
1.690063616310351347e-02
1.218039321084410896e-02
4.413783969199401580e-02
3.528142383551338690e-02
3.867280046028927221e-02
2.560510039660726656e-02
2.332150682416334053e-02
3.806083112440774435e-02
4.172418509464867475e-02
1.927943780617649358e-02
2.443993007182785129e-02
3.316086065927808385e-02
3.267767419166522219e-02
3.421283176516883712e-02
1.332478126367185427e-02
3.812437912508061938e-02
2.859146641410171066e-02
1.229708359136843544e-02
3.448082745687099798e-02
3.370777693173712675e-02
3.654365595569253333e-02
3.364791147346441608e-02
4.167081750126467449e-02
4.296791251013609009e-02
6.529417179631714918e-03
1.543212066949170395e-02
4.407109317686160738e-02
2.923092596452037117e-02
1.599735293358517038e-02
2.127141325966200661e-02
3.764694583148595758e-02
3.484275340125789211e-02
3.914539933493994123e-02
1.938133743585222779e-02
4.384997729000069538e-02
1.603533565978285114e-02
3.104270412737570803e-02
3.008226802488180376e-02
4.160352529917316772e-02
1.206036161265934201e-02
3.595510954698467182e-02
3.277348045756587475e-02
3.703569242607770984e-02
2.270846910449038705e-02
2.569446135821449109e-02
2.318983797088860002e-02
