2.658545343573274350e-02
2.473216700592079445e-02
2.782971598243212316e-02
2.717299437951760377e-02
3.106360193856256072e-02
2.803077814862311654e-02
2.538177414579135399e-02
2.575526526884597267e-02
1.402640803023809217e-02
1.413975875848156975e-02
2.253323889341501615e-02
2.873429960314088927e-02
2.876565232601563382e-02
1.929135372063464984e-02
2.954782371370791652e-02
1.684034038857045584e-02
2.479813966869204647e-02
1.865044176351176794e-02
2.089992682029096632e-02
2.373579091445954942e-02
2.893645763442875482e-02
2.524834753247988048e-02
2.983680888954475668e-02
1.923849226706800253e-02
2.323795065668344748e-02
2.619668521437434547e-02
2.596352539498902531e-02
2.707061870571296144e-02
2.984214410275093377e-02
2.009079816856736492e-02
2.091175271870927485e-02
2.698091736560773168e-02
1.352294019348741425e-02
2.513855836758645268e-02
1.864207222940793274e-02
2.596033290709987354e-02
2.774961380193601349e-02
2.077309630708604193e-02
1.584121027237166829e-02
2.302474556731581162e-02
2.274184867066406796e-02
1.504696320374918073e-02
1.911270599961686911e-02
2.573554160581996431e-02
3.101649299302797549e-02
2.629595742242404194e-02
8.091196520505539863e-03
2.026290055524106876e-02
2.898566081186974494e-02
2.405161937049453413e-02
2.540322615674867057e-02
3.914150256785966543e-03
1.826680386704706074e-02
2.342282375377414266e-02
4.014482811358945080e-03
1.792807233450679355e-02
1.753618054920351443e-02
2.495937400505127135e-02
2.788632094560603014e-02
3.080915416170149426e-02
5.876611077251276891e-03
1.039907490933530097e-02
2.959142976341575665e-02
7.901549448226324879e-03
2.055882045276470962e-02
1.327400967149091303e-02
7.238354847399497589e-03
1.450125331915445501e-02
1.009356404339938930e-02
3.026598623909410382e-02
1.464206489749519599e-02
3.107178683860231660e-02
1.253529117497037895e-02
1.768822298012683730e-02
2.398439015246867437e-02
1.612650184921426630e-02
1.298831698467108574e-02
2.359611723746098122e-02
2.314655929534220266e-02
2.808009585761588739e-02
1.448559776945183668e-02
2.907957613165131072e-02
9.922232355467091106e-03
2.467140981931386506e-02
2.401438279379992588e-02
2.492643015595524467e-02
2.515501967735388894e-02
1.836479682449981138e-02
2.860499263434717471e-02
2.657365126279819141e-03
1.338221503571406651e-02
2.569026021986180186e-02
2.584851990970151586e-02
2.648284160478425048e-02
6.817962952301678814e-03
1.609103046968003367e-02
2.210804266243757144e-02
2.923888908131643330e-02
2.569271954968706945e-02
2.714750413031128198e-02
2.200468424329817679e-02
8.862574218731355744e-03
1.751568043532164554e-02
1.830631960031273153e-02
2.624146172879448374e-02
8.760678881078927741e-03
2.683265140055482792e-02
1.327240525873983612e-02
1.722589404019139042e-02
2.198673239862837178e-02
2.825576368292663162e-02
2.698252862317666520e-02
7.448633233417472493e-03
1.922651686294937073e-02
2.027244981730753209e-02
2.654028349883741020e-02
1.952971136970644769e-02
1.565379550877635945e-02
1.888727689769255716e-02
2.305354225531429380e-02
1.054932410807284289e-02
2.134565156371132436e-02
2.559337021301555035e-02
1.416391858014371362e-02
1.850072939815634518e-02
2.711315183442175938e-02
2.087736645464244659e-02
2.091153023203606853e-02
2.837249819899215555e-02
1.261293867000108301e-02
2.733910593803321257e-02
2.565407390152716141e-02
3.094056538074239221e-02
1.871113500917750277e-02
6.851312431029907973e-03
1.000723475133094217e-02
2.759413018110248167e-02
1.237045248724808963e-02
2.238855388306738511e-02
1.854958012671301115e-02
2.188199289666590761e-02
2.143155846729473055e-02
5.194048170319825672e-03
1.159712372236835695e-02
1.676637959291093355e-02
1.888450899850225434e-02
2.896003133358838327e-02
2.157411393325435814e-02
2.331029497063619865e-02
2.366070932382663763e-02
2.803658951066033064e-02
2.691120951554342583e-02
2.931407603032426881e-02
2.377013432993553901e-02
2.590972041549984700e-02
2.912715144106617013e-02
2.988684012245959934e-02
2.984804374768423862e-02
2.710719720761473397e-02
1.991290858853338869e-02
7.832755775594982608e-03
2.604309995420564169e-02
2.135225363544392477e-02
8.929580297324849966e-03
1.684058613374532151e-02
2.596811564729374633e-02
2.626430305729349213e-02
2.476456795758279900e-02
3.114273217901106228e-02
1.926667785514050643e-02
1.784516289132542441e-02
2.040637771843006529e-02
1.345062302509038819e-02
1.952223292567270563e-02
8.859598362755776585e-03
1.393655325288756762e-02
2.494707961573702434e-02
1.734591927162339522e-02
2.947555607470589423e-02
3.002848848526227729e-02
2.281799225534284978e-02
1.904437102248388025e-02
1.508306464392477307e-02
1.849442403734023049e-02
1.500030550501351388e-02
1.735430440678625841e-02
2.804222164669974843e-02
1.715924287738097506e-02
1.576098710210927650e-02
1.636781431442362739e-02
3.055039557946740564e-02
2.439096607802696340e-02
1.819733454587109042e-02
3.125702403377383920e-02
2.382169868697182197e-02
3.478445343757398563e-03
2.995129337116209101e-02
2.676460943546341356e-02
2.424161697938755078e-02
2.857632853017337549e-02
2.441024136313114934e-02
2.734800774752890393e-02
1.596729973891573839e-02
2.531469617491538537e-02
1.821660656371544909e-02
2.956787742908146069e-02
2.935562970854212542e-02
7.869993112067971697e-03
2.755619008405584686e-02
2.080260632345954167e-02
4.750813016701406315e-03
2.127354050122956877e-02
2.627832705598533852e-02
2.343158661665857220e-02
1.165535487915839857e-02
1.495414733130203538e-02
1.550380201926540406e-02
1.285475838712128553e-02
2.435490865336184876e-02
2.632719585458472358e-02
2.653599749446446804e-02
2.164872971720711164e-02
2.354229220510638265e-02
1.699836729247657455e-02
1.160653753713630255e-02
3.054471579989318300e-02
2.608126808923392354e-02
3.048366462855651299e-02
3.210400539944337477e-03
1.553494612969082665e-02
1.448354324400640686e-02
1.829103966940182416e-02
1.149219613360648318e-02
1.795298204839787526e-02
2.566548557193579910e-02
1.655707651724433460e-02
2.990906882638170311e-02
1.612061535066430101e-02
3.067528689760182226e-02
2.304447394895431031e-02
2.733664555469288160e-02
1.475876632863327639e-02
1.825901316936373933e-02
3.479296571856166798e-03
2.256210172982275886e-02
1.749072178824551474e-02
1.255215684602904377e-02
2.989435397578830977e-02
2.025132719523561886e-02
3.106947854774747345e-02
2.935267727123770307e-02
2.077820044925019968e-02
2.959036030612341092e-02
2.743871665748175842e-02
2.907383480458402766e-02
1.996741053576756367e-02
3.045838151618817519e-02
9.923214649956537889e-03
2.631595203073792619e-02
3.111585884827926946e-02
1.324423819048042503e-02
2.108495297380479430e-02
2.755047098906044170e-02
9.000795183245001441e-03
2.742915130193524648e-02
1.529800622071698750e-02
2.211495007889365677e-02
2.965189076079700545e-02
1.887347595130585420e-02
2.471717773390979048e-02
2.068999013207037385e-02
2.444204683427847122e-02
2.539872840858147310e-02
2.955116834927537170e-02
8.912939302947703313e-03
2.441156332851118771e-02
8.399323804494165935e-03
3.104675852532011102e-02
2.255857988967798627e-02
1.098006870849021696e-02
2.571463535374945986e-02
1.370220992158301121e-02
1.667878367255424751e-02
3.102735337528032128e-02
2.469003146336058024e-02
2.726099625597477871e-02
2.687628922894390662e-02
2.320947889824203150e-02
2.477848039589576612e-02
2.898158409426576307e-02
2.304958008003929124e-02
1.804919665167650789e-02
1.672166003174828386e-02
2.431016576612046037e-02
2.717346417052837054e-02
3.009482452222001642e-02
5.679919462655584270e-03
2.519047979595900877e-02
8.387296865188053176e-04
1.243074934256836045e-02
2.751746003502194768e-02
8.753075655948405753e-03
2.387977251709482579e-02
1.436310526717979839e-02
2.364682983648220757e-02
1.415717475683938090e-02
2.721785478736249084e-02
6.796551891076599294e-03
2.526272579704593596e-02
2.085415077293800712e-02
2.837675879369611423e-02
2.464702659466010137e-02
1.872404410371796349e-02
2.907323958082223131e-02
8.348850320974416858e-03
2.796520271337099919e-02
2.486803917694650409e-02
3.027102961328069497e-02
2.065191330746584189e-02
1.614158113743413211e-02
2.570787500350401808e-02
2.831333223471714858e-02
2.710084569527529408e-02
2.467491916502178792e-02
1.490137667298084209e-02
8.635577560967199959e-03
2.439022469586777167e-02
2.567144742607832195e-02
1.328538227855143548e-02
3.057381846528992031e-02
2.654199721438135762e-02
2.784721719144953728e-02
2.783589407619459916e-02
3.017102964519411540e-02
2.278457715955647597e-02
1.731005149251492806e-02
1.472301218620853877e-02
2.712537744559553529e-02
2.541871596184648585e-02
1.601435321789919028e-02
5.093694291431455530e-03
1.839546876989672439e-02
2.913422165498311817e-02
2.840647282865331122e-02
1.833595625878605209e-02
3.043759047051337180e-02
2.083150641714108867e-02
2.888797821003485228e-02
1.992080333254092964e-02
1.894484695157199264e-02
1.743977628476335237e-02
1.790080433638040550e-02
1.662751478709813269e-02
2.895234019523850941e-02
2.104231969194864452e-02
2.176351550787751499e-02
1.043741367418354882e-02
2.863731819529490713e-02
1.272652654601131098e-02
1.703363099272133321e-02
1.929970555617431527e-02
2.511890382793299792e-02
1.680149289677438859e-02
2.866700326015962294e-02
2.504980107892841243e-02
2.793339604841595103e-02
1.777595154380366867e-03
2.080187023495754309e-02
2.385402469379862070e-02
1.505971184435030662e-02
2.843043364868203318e-02
1.781145196877096173e-02
1.509151706045389063e-03
1.514962341048409038e-02
2.694006838815146687e-02
1.030278034552966661e-02
1.042641503427497833e-02
1.587450421112224924e-02
2.316854626775632225e-02
2.618099826257190219e-02
1.481047267133250335e-02
2.837323123684644052e-02
2.942878449566585855e-02
1.318136163827583404e-02
1.688522869840770879e-02
1.034670436758758708e-02
2.165348350465038166e-02
3.079817004380342588e-02
2.873654584607902157e-02
2.245039575493145909e-02
3.011724271441287501e-02
3.095393288309715440e-02
1.677422529702309734e-02
2.825230586749992445e-02
1.725707645484166400e-02
1.729212329920425464e-02
1.150445541933872023e-02
2.519898320754366400e-02
2.241806120668504709e-02
2.688519354165425437e-02
1.675560960435320060e-02
1.137550765135103385e-02
2.581612366757619209e-02
2.652731984517568004e-02
2.552212471500520802e-02
1.666024151307005791e-02
3.076085853095367195e-02
1.347469005171453640e-02
2.824390628954826302e-02
3.041381340802853939e-02
7.725028372884804734e-03
2.349079781906237077e-02
2.085000024200003160e-02
2.906846516734411592e-02
2.282962374948664663e-02
1.622291728946425107e-02
3.089931275692766113e-02
2.462229413839943024e-02
1.651748096787771306e-02
2.602374467194300961e-02
2.592342997170927685e-02
1.255821682698952946e-02
2.614690606723485758e-02
2.880187895106917778e-02
2.720324744565804503e-02
2.282825683369318556e-02
2.161387866142261416e-02
2.006787867903576938e-02
6.710526275481026523e-03
2.465312567580573572e-02
1.625874564440860787e-02
2.700343709248387986e-02
1.765007145414713291e-02
2.632587616861208762e-02
2.943547279629263325e-02
1.737760347779080533e-02
2.309879901645797359e-02
2.769452490574554615e-02
1.308802851314725714e-02
2.045946666764094160e-02
2.219488537235151521e-02
1.396643577522920301e-02
2.142501744642913430e-02
2.286967859208977397e-02
1.715877182206721266e-02
1.696082789788929887e-02
2.346521377749375900e-02
3.088036818652610191e-02
2.930929394826226053e-02
2.899812313157391561e-02
1.530033711201663968e-02
3.010858517573028123e-02
2.705764002301765114e-02
1.824798659005205312e-02
1.513551278917263550e-02
2.502669711857428286e-02
1.405997606532248013e-02
2.558438706917669572e-02
1.688093176615918650e-02
8.862131255953061351e-03
9.743066825253941451e-03
3.124701645233605649e-02
3.075522467398530968e-02
2.065722780885083723e-02
1.172513160531181604e-02
2.621130750465563639e-02
2.095694959256165155e-02
1.959308242696083946e-02
1.555421038486520455e-02
1.204112083708598104e-02
2.951024347804054315e-02
2.919665849194058235e-02
2.122997350683497597e-02
5.834117145796401636e-03
2.826588042714370252e-02
1.863564006272703383e-02
1.119892113145179446e-02
2.758269844618840491e-02
2.744488406963021751e-02
1.515095797220126876e-02
2.374037722905521230e-02
1.591827061435991536e-02
1.126006492421685080e-02
2.162091527679458128e-02
2.328553764830032166e-02
2.921011918423771850e-02
2.249239951964060111e-02
1.897818186984777389e-02
2.890940695790978482e-02
2.842418436432406909e-02
2.673737930115890546e-02
2.956996374540315706e-02
3.033171340630768167e-02
1.411146161042373115e-02
2.051314535658292637e-02
6.836822460511208371e-03
1.830654639942702611e-02
1.713770197254372435e-02
2.526899468222681619e-02
1.293198816493506750e-02
4.436656472568929060e-03
2.944537838102216643e-02
1.267234675399333578e-02
7.142498780414735168e-03
2.896231565756047024e-02
1.659251185943285897e-02
2.465255713116035197e-02
7.747611355827954509e-03
1.765379581275779847e-02
1.459395958458161585e-02
2.596893461121552865e-02
1.809035524261102396e-02
9.587167142472981934e-03
3.062003230907683546e-02
1.402829153805337965e-02
1.927918673024208232e-02
1.647871477212155267e-02
3.074999420808298065e-02
1.418903433632229087e-02
1.555531985916033463e-02
2.897363456432766604e-02
2.992945673280948335e-02
1.891655654567065900e-02
2.916527454978784864e-02
2.520000251995186888e-02
3.075401466298980160e-02
1.020877757484014124e-02
2.112064340678284149e-02
2.129357948356670402e-02
2.525421686016727715e-02
1.614610203307137448e-02
3.016363289435606068e-02
2.828771080672037863e-02
1.232098397962739719e-02
2.413192892165879830e-02
2.395137358541932215e-02
2.297215695227723675e-02
2.502890727105136492e-02
2.605899106754657954e-02
2.895270345167153328e-02
2.868957460914446644e-02
2.888390148849572306e-02
3.106624958941249168e-02
6.564244829773959941e-03
2.202619868030836203e-02
9.290172502477786129e-03
1.574192463948615242e-02
2.457149833680737430e-02
2.454351030533189620e-02
2.669193190873856217e-02
6.411133334885055733e-03
2.560187764892628628e-02
5.321792509016195181e-03
2.722514995853098085e-02
7.433055543946146849e-03
1.279557258551244393e-02
3.026038733603639286e-02
1.482875478520224478e-02
3.008722795861996230e-02
1.233652186777547954e-02
2.929134029831418837e-02
1.825569553564860420e-02
2.601843998060419938e-02
2.745253505404583044e-02
1.272599737795052435e-02
9.089022285623736888e-03
2.685296087445191576e-02
3.023853677793626391e-02
3.585024860711657786e-03
1.554541548469966922e-02
2.906215373964582405e-02
1.302476429270805688e-02
1.307201866764215806e-02
2.066298991095229243e-02
7.869670101248830985e-03
2.594657604644743168e-02
1.339427822326953559e-02
2.758981725783099526e-02
2.627184184486084165e-02
2.557491297018673129e-02
1.534266921733325878e-02
1.179409437777859289e-02
2.325131753918812175e-02
2.747059324459343380e-02
2.700695306688168096e-02
3.068537838637349149e-02
3.027075889233016986e-02
2.506103842635109408e-02
1.553176699549539165e-02
2.890592525829428425e-02
2.781404118134797945e-02
2.603673948714599687e-02
3.039037066871963511e-02
2.320052919143526446e-02
1.445537360486541523e-02
1.741967991551568798e-02
1.115689764537443687e-02
1.269271946397915532e-02
5.422830467780194799e-03
1.912061377561552478e-02
2.611571361968935412e-02
2.997683478878176988e-02
1.625367097643281439e-02
1.624831519626290452e-02
2.974055028224899949e-02
1.880242456143104909e-02
1.577481839223091042e-02
1.828681096811708706e-02
1.807747912350577899e-02
3.105287426347843466e-02
2.093420943338459433e-02
2.472412019686835022e-02
2.489851717528144756e-02
1.821661568603212891e-02
4.255916030169725438e-03
2.878421626755872653e-02
2.342057708818593570e-02
1.284169828506687323e-02
2.563642399000863256e-02
8.310414272033234823e-03
1.301560557903572689e-02
3.041542020553459139e-02
2.385803064719593108e-02
2.124302215085656712e-02
1.279855784144806434e-02
2.584128626119383890e-02
2.186771984163130705e-02
1.980446570903957038e-02
1.715106593155502762e-02
2.197233998048347611e-02
2.788715975065442568e-02
8.207158474606988247e-03
3.008309944240111083e-02
6.322831792645432041e-03
1.774951091453252916e-02
8.597322393279959937e-03
2.508645850420238022e-02
8.397916876411368886e-03
1.674539672309303950e-02
2.040709244405250478e-02
3.032710434069672834e-02
3.795894665154606051e-03
2.776257493533390228e-02
1.746694563318068605e-02
2.236466312953035163e-02
2.944006327513951082e-02
5.196804402147461345e-03
1.870508314975459496e-02
2.593483674778526010e-02
1.927026961305620609e-02
2.390541814820557401e-02
9.574338053029251075e-03
6.595426038193811548e-03
3.115507630167329775e-02
1.086487192964835646e-02
3.052589058047140702e-02
2.127010862381240042e-02
3.073390717935878952e-02
7.652447938751659462e-03
1.658951898317283583e-02
1.854690479353420310e-02
8.369577048835950481e-03
2.078850169021237426e-02
1.958729064383016652e-02
2.862793779080777604e-02
1.275797766897987691e-02
2.004165381227335230e-02
2.278813787852917994e-02
2.477384645194136148e-02
3.115277379194096932e-02
1.918607327968375673e-02
2.735406544168173665e-02
3.117075831442090925e-02
1.882505842827613199e-02
3.107972806852873568e-02
2.798085400286045785e-02
2.469819042167014159e-02
2.573663223174440032e-02
1.912469779793839891e-02
1.013744249772181860e-02
2.508464458025255403e-02
1.995619255098099107e-02
1.793559481991553392e-02
2.437867406504982265e-02
1.504026162057846804e-02
2.121293115503602653e-02
2.463870492556012246e-02
2.861215876022243573e-02
3.042862610235019805e-02
2.106967005435881127e-02
2.907488163551361082e-02
2.598679777871217358e-02
1.305305145486755809e-02
1.309282282212302466e-02
3.052243983045323586e-02
2.838498373410214964e-02
1.330885508525909804e-02
2.396981158877769733e-02
2.899306740280522404e-02
2.024926137160354758e-02
1.720789596454753295e-02
2.948886962040724036e-02
2.805838013950079021e-02
1.953903356389450480e-02
1.098289949681615155e-02
2.006494809568818219e-02
2.553519111311506121e-02
1.263068519058178213e-02
2.111544837531806676e-02
1.337622382251738885e-02
3.046083780767780760e-02
5.424370295447255609e-03
1.586145044506620180e-02
2.418197283419939655e-02
2.017541008476430447e-02
1.720989668065959002e-02
1.695500024086923907e-02
4.625150226797256937e-03
2.521575673480812296e-02
9.407762829825293618e-03
1.046792725103109015e-02
2.418410904060994474e-02
1.836503361656055197e-02
2.359488361389253455e-02
2.776795334771709617e-02
3.005219923465702117e-02
2.912607395711293984e-02
2.950348023526109045e-02
2.240999191394976719e-02
2.307936968260764984e-02
2.469838808527395624e-02
9.431813770900084049e-03
1.167847241225782214e-02
9.270086246864393809e-03
2.832994715119369761e-02
2.817915558340444715e-02
2.893863472952583338e-02
1.566494194943949744e-02
2.999137371623855630e-02
1.837827296269279459e-02
3.054856239501873780e-02
1.720353284377948086e-02
2.100385696420031811e-02
2.935312920119905605e-02
1.116535077906648590e-02
1.726049448259953448e-02
1.276332972176416093e-02
1.727391371977430451e-02
2.224393265899863095e-02
1.906272125534959685e-02
2.829043829856983661e-02
2.650219399827328029e-02
1.311740073350356299e-02
1.735594810563596477e-02
1.813439356888662396e-02
2.450808524541771977e-02
1.955897606782802320e-02
3.085723588827575872e-02
1.935722394382477160e-02
2.385896016806490424e-02
1.209516633078351958e-02
2.567302712895369946e-03
2.277632526760293985e-02
2.320533454739397150e-02
3.039399390196430989e-02
2.610447916067688487e-02
1.713228213063275676e-02
2.825208951823597603e-02
1.014560951306358975e-02
1.778005398236929754e-02
1.337001780815844781e-02
1.063291397378422244e-02
2.843770735875732550e-02
7.467175640504604590e-03
2.485273662501032155e-02
5.445790810939369307e-03
2.576925685543449140e-02
2.441757218491727097e-02
1.085168119504945766e-02
6.428116369221388050e-03
9.177896757008897899e-03
2.685666913181314688e-02
2.121613075845774077e-02
2.857594432407934738e-03
2.627208581875964052e-02
1.790801772679287418e-02
2.685423625113541810e-02
1.939096463078560789e-02
2.118448299712845720e-02
1.025741286912207860e-02
2.769781999734587455e-02
2.073803872030278994e-02
2.410370558145924491e-02
2.982926516050582455e-02
2.870535762432844390e-02
1.430677812452235470e-03
2.246709285255455921e-02
3.101991096668315143e-02
2.139467343969298982e-02
1.113211882486040902e-02
2.648663262803822860e-02
1.440541128596425913e-02
3.096813417470902288e-02
2.855312064065914160e-02
1.643879664823269873e-02
1.701577310277152880e-02
1.385901298696939551e-02
2.726463981414639290e-02
1.314207282138688850e-02
1.961958286257272852e-02
1.505826792320086316e-02
2.385535422309876738e-02
2.833473837417728805e-02
2.794115148761377315e-02
2.985672393275862809e-03
2.578523946466384359e-02
2.214108911972605120e-02
2.688888786780290266e-02
1.424390545038829378e-02
1.607976913029101132e-02
2.393337343053271796e-02
2.267140904240882299e-02
2.908403385741979361e-02
2.367181549595492873e-02
2.080513564904838686e-02
2.040586831091563760e-02
2.479259544278481289e-02
1.443425696542376298e-02
2.771024448251832237e-02
2.952874862095229008e-02
2.375429091463568052e-02
2.498095430748790285e-02
1.781368393423027677e-02
1.948026271372723522e-02
2.049498479365885473e-02
1.663392871659775604e-02
2.856316602872912766e-02
1.076931309844775947e-02
2.969395509952022644e-02
2.043939316422020702e-02
1.716070674731979065e-02
2.839734422549921103e-02
1.466010581931672350e-02
2.936618128813149251e-02
2.510711499633215202e-02
2.795298305768034730e-02
1.676060496733031147e-02
1.081131702530997718e-02
1.281312577199934626e-02
2.285594293634658075e-02
5.393614297763933869e-03
1.874221684409814112e-02
1.833936207708623464e-02
2.197954893733584936e-02
8.018058343301796495e-03
2.628508184508053167e-02
2.172900243452770622e-02
2.111557175162660088e-02
1.733021213771528124e-02
2.849152978574412409e-02
2.690013728688712621e-02
2.608730016874477239e-02
1.126881012384144641e-02
2.387757760830733905e-02
2.718775777765750079e-02
2.226674837827146217e-02
8.080254039959792675e-03
2.965203985580888713e-02
2.305069672252461899e-02
1.031453379502068890e-02
1.367557454206700003e-02
2.748076508042147231e-02
2.555386101228229040e-02
2.489688224062348854e-02
1.823477330858947615e-02
1.922815555389451384e-02
7.524273775248013080e-03
9.209779302793466918e-03
1.545562563462409174e-02
2.524269937782857090e-02
1.917768924448153001e-02
1.853259949376569182e-02
2.482044450074960551e-02
1.706272758324594782e-02
1.771117853084059821e-02
1.896703995395443085e-02
1.516141107505551049e-03
2.519017575454689239e-02
1.658346700637108179e-02
1.713449044068676014e-02
1.747417572650848336e-02
2.111888001309483037e-02
1.431569828400023128e-02
1.993637437694122452e-02
2.856675327463042285e-02
1.392256120688895038e-02
1.283706705114159852e-02
2.722071782830880540e-02
2.695507497986709966e-02
2.521484121141881474e-02
2.192544841185248630e-02
2.666681291690295788e-02
2.387239433972609612e-02
2.975739360953760099e-02
2.684999799201653881e-02
2.780593144468159958e-02
2.113991199729564271e-02
2.111238157623706452e-02
2.748984492840521668e-02
2.944074078862591454e-02
3.069266184245092802e-02
2.546899819632569839e-02
2.103244452104723050e-02
1.642335408870324379e-02
1.920586502759344741e-02
2.364790422949401491e-02
1.986704665223116076e-02
2.122803212602540970e-02
2.288800792803215647e-02
2.575154702382373428e-02
1.576468236741329979e-02
1.978529310587584522e-02
2.702803050728328632e-02
1.439520753974663295e-02
1.339121583971204441e-02
1.637134538843533493e-02
2.500217941191351309e-02
2.845475112904566686e-02
1.552887528667377948e-02
1.748970520172375004e-02
1.302929684931867539e-02
2.405273858594563288e-02
2.292827064118206637e-02
7.325828230725381016e-03
2.121394083534178243e-02
2.275865261088956190e-02
2.127200929047954117e-02
2.633955345220730798e-02
7.389080411877168783e-03
3.088192820412959116e-02
6.898344672754075368e-03
2.335657141487004415e-02
3.060967316410904970e-02
2.820488902039850615e-02
1.397506887646336911e-02
3.115548306836143228e-02
1.072671175785255317e-02
8.501290614820519037e-03
2.863506324395417510e-02
2.733431213302217611e-02
1.989688582313263801e-02
4.653959903239845812e-03
2.731192364716773444e-02
1.982887150348862024e-02
2.859512396888466354e-02
1.114656061887917167e-02
2.095199919584977023e-03
2.368952788848859708e-02
1.957280258266053466e-02
1.751776898083665795e-02
2.813018369145142694e-02
2.572608971666589389e-02
7.574725483532029555e-03
1.739075778279102619e-02
2.628457074547552869e-02
9.773313602368620748e-03
2.953830405233793741e-02
2.567025019831600113e-02
1.231673377413449420e-02
1.323767940762136594e-02
1.884215943351896100e-02
3.795875128592080330e-03
2.150332643066136043e-02
3.121990932742325225e-02
1.863183965401752837e-02
2.208909023204061461e-02
1.930546893191011776e-02
2.442513385274387716e-02
2.036181249118293457e-02
2.816689335602155439e-02
2.145854298954021772e-02
2.896229671208875797e-02
3.081837762945046841e-02
1.362841616868686045e-02
1.767570026714046505e-02
5.218066765224355606e-03
2.592801453665622910e-02
1.830457635112636358e-02
1.604973547961334457e-02
1.621557565276954271e-02
2.823958977180389407e-02
2.421937401464393722e-02
8.456821753284830129e-04
2.226047163801107842e-02
1.248562214483588811e-02
3.005368866509050552e-02
2.109215051448619718e-02
2.625251172262557317e-02
8.309957953614647078e-03
2.751286286193385666e-02
1.868797732875733877e-02
3.976077077243435343e-03
2.150515905011610163e-02
1.799155015868065047e-02
1.682521391459733742e-02
1.103694156853445366e-02
1.165979232491493565e-02
2.524695478676342031e-02
2.644871258958069946e-02
7.541708069572197227e-03
2.450420112842919412e-02
2.228353199289729442e-02
2.782157952407272872e-02
2.883488256128962507e-02
2.367365456008272903e-02
3.083692455504267321e-02
2.555738705833760990e-02
2.331914349115350726e-02
2.031168146432696386e-02
1.286343028645413507e-02
2.582046022580677599e-02
2.760216528396729208e-02
2.864782383131606394e-02
2.947662199779139611e-02
1.822058977181101325e-02
1.431049448315020733e-02
2.252634685362456604e-02
1.059808382503467025e-02
2.883725390504256192e-02
1.856316040025542125e-02
2.474961992085998597e-02
2.157626146815542351e-02
2.094415640351467850e-02
2.147914565694413955e-02
1.190441485077233311e-02
2.492153292974285880e-02
2.483719100074946104e-02
3.105412072773635832e-02
2.776455722772143767e-02
1.765605080743949326e-02
2.314078027969030185e-02
1.490080329280690785e-02
1.913935890057481132e-02
3.126266773539247007e-02
2.546783517500605942e-02
2.262149928133583635e-02
2.095543770438915154e-02
2.275602818845214731e-02
2.392356008964044434e-02
4.633287405471721125e-03
2.897480137029497665e-02
1.021718934663197291e-02
2.112920077076822431e-02
3.073044288250520104e-02
2.021366416796607085e-02
3.038719859595967465e-02
1.967688511777887853e-02
2.074880073827424162e-02
2.673251311973465216e-02
2.116196057459599975e-02
2.562899670672636257e-02
1.356224488768705341e-02
2.056037684077592978e-02
6.112615003559624012e-03
2.768543128319119959e-02
3.070663362879502700e-02
2.207627738631109601e-02
2.972059210644265037e-02
2.901611124400878261e-02
1.296626273040272365e-02
2.592707963523715672e-02
1.602263381348789997e-02
6.510332678369455846e-03
2.416093754608304722e-02
1.603306511049303745e-02
2.040315587831088157e-02
1.914229652878449497e-02
2.140148248472341017e-02
2.146063925473315134e-02
2.442031154760843786e-02
1.234134656659431617e-02
1.261422250136962596e-02
1.602694321551532963e-02
1.431136575353338797e-02
1.710041586946591669e-02
1.892972191590084133e-02
2.170458585218517158e-02
1.691154302681892665e-02
2.916769038953645130e-02
2.800450876328688249e-02
2.907647480712818519e-02
1.926751406292371432e-02
2.556489658848890012e-02
4.329924399050301236e-03
2.620060858748519961e-02
1.116118566559977897e-02
2.461570793324117587e-02
1.900952946081569533e-02
1.180861479592303434e-02
7.237632101560687731e-03
1.825126829670828399e-02
1.997227027660340368e-02
1.454920327926360196e-02
2.292306723151302239e-02
1.813524334764009954e-02
2.502278133870399282e-02
1.560801308494999713e-02
1.792767637745875525e-02
1.807572446878692382e-02
2.409691975695441024e-02
8.982760782002795208e-03
2.979091142943839435e-02
3.063587127827684109e-02
2.530285112737312020e-02
2.366709335911576853e-02
2.636227074399158030e-02
2.772320293789921550e-02
2.865547778753546257e-02
1.390444663313892236e-02
4.530490367344021385e-03
2.713240157476005249e-02
3.034834378394953708e-02
2.718343935306066425e-02
1.179805474178475221e-02
3.124610546024982061e-02
2.503094421362712235e-02
2.743447205190429478e-02
2.735185547579456825e-02
1.618885933416644093e-02
1.320005243099850629e-02
2.969194731683816660e-02
2.450765447070308786e-02
3.059479645643213563e-02
2.229003849379060376e-02
1.222206437793581235e-02
6.465807032195344112e-03
6.269579197642043307e-03
3.087842469900066097e-02
2.674458014475871240e-02
1.737992663113299002e-02
2.041766095299982556e-02
2.291784072728835983e-02
1.860309646724005173e-02
2.240364772173051092e-02
1.752384041839096657e-02
2.924993091723314398e-02
3.104543376761034409e-02
1.808315514377647690e-02
2.645662631489233141e-02
2.383872668009376014e-02
6.531441419263328725e-03
9.935780186744583298e-03
2.992792976529608587e-02
2.798612468099082734e-02
2.568203178885841709e-02
1.813459123279668322e-02
2.353487314992131624e-02
3.237946617560726742e-03
1.772844369386367830e-02
1.295307411204103983e-02
1.253694859006185269e-02
2.914701053191786143e-02
2.860490974491497820e-02
2.381971526549033630e-03
1.092373770292916256e-03
2.788726734296536128e-02
2.411975721659867164e-02
1.256428720923731014e-02
1.093513336684813313e-02
8.476968013696755191e-03
2.746525821172873458e-02
3.093682425335913741e-02
1.241138833491589773e-02
2.472186736529229795e-02
1.057883316886290385e-02
9.208168865764967612e-03
3.727943600139110338e-03
2.653511316213279930e-02
2.630656064522571627e-02
2.809494800821095775e-02
1.938433351879657873e-02
8.128687554953177921e-03
1.863847476844116696e-02
2.101247993752386467e-02
1.922046992792288481e-02
2.307928041536728633e-02
2.091206000557056105e-02
8.011151981826152707e-03
2.403433940514718148e-02
2.032084114088332505e-02
1.016671698953020529e-02
1.587732931813934378e-02
1.655960109826297086e-02
2.710670032893743725e-02
2.606253295594497532e-02
1.164201943522676086e-02
2.199481435321040679e-02
2.843484708627623883e-02
2.660938162839255119e-02
1.740868540870711342e-02
2.468712437248735125e-02
2.566506797587918623e-02
2.957619978487372250e-02
1.450805314843011534e-02
1.117873984066565345e-02
1.689539748815499856e-02
2.147420139389555685e-02
2.767104308110009819e-02
1.468441535320513282e-02
2.969447907954308324e-02
2.722221622172093028e-02
3.025407240951837398e-02
3.045043181729653603e-02
6.299963497587364111e-03
2.047418251647601870e-02
1.174258539779130493e-02
3.028412805367671282e-02
3.070964848873123168e-02
2.265712844176370408e-02
3.076191745549801057e-02
2.509233007705714488e-02
1.792060208251124512e-02
2.942050446015119503e-02
1.589243545811686378e-02
2.394221821969373665e-02
9.180964053603852051e-03
2.724541866205057103e-02
2.375803916899555182e-02
3.040902345681415278e-02
2.082153437299280249e-02
9.132726731336717613e-03
8.139663861234434569e-03
1.535767508031767904e-02
2.271912780644512464e-02
2.921906471608546468e-02
1.723408064168789958e-02
2.773861337134960955e-02
2.955782204696257021e-02
3.101432508416117687e-02
4.664594443687883514e-03
1.128507229483197670e-02
1.265766663791547883e-02
1.499118904636284784e-02
3.119585129143855745e-02
2.772592988869023237e-02
1.894842411832975068e-02
3.034325366179891834e-02
1.441533894393977507e-02
1.696365367608788574e-02
1.623560664324593186e-02
2.725868825710301216e-02
1.571385985140101582e-02
2.549142952108104584e-02
5.921225340971051319e-03
2.741612330728192617e-02
2.890796691490002748e-02
1.780599193859693299e-02
2.034400347330129685e-02
2.454028308937400080e-02
2.732565092881347052e-02
1.196752591770587626e-02
2.086749699756116488e-03
4.302945901192612582e-03
4.884513145016565645e-03
1.452798095687787491e-02
6.591073204175810184e-03
5.739664139996987317e-03
7.382100508051837526e-03
1.171914644767279787e-02
2.330531707515154718e-02
2.594026033705083487e-02
1.357787230090882168e-02
1.484185364066760611e-02
3.755574682070509252e-03
2.845015758535994477e-02
2.970929964715893559e-02
1.496979422028694474e-02
1.437996203134580056e-02
1.327242141507158427e-02
3.091635399609002702e-02
9.564291164076111143e-03
2.157544817396573472e-02
2.244234902685924432e-02
2.563796273574717177e-02
3.094566227089983607e-02
1.901233970148687863e-02
2.633869384645784462e-02
2.043143828962779712e-02
2.762228190396974481e-02
2.677644394216389598e-02
1.560280652358818354e-02
3.030350062705840578e-02
1.594277884086790775e-02
2.876860214158003665e-02
2.841185917441236761e-02
2.906844288238755528e-02
2.188331559508864890e-02
2.895384582667541798e-02
2.757854876144057513e-02
2.078932678338265769e-02
2.941851117952569775e-02
2.052222878880227350e-02
2.766092048555397059e-02
2.761699071434140992e-02
1.062707177762646678e-02
2.217405397783192220e-02
1.752192853662848729e-02
1.052051602794780959e-02
2.987803632641360466e-02
2.840634732274128355e-02
1.787154398194866489e-02
1.699895141724629133e-02
2.024163745188724620e-02
2.769093109371608893e-02
1.817567951516012303e-02
2.715601688561228994e-02
2.409809041927682763e-02
2.780465240013262410e-02
2.549992786970235042e-02
2.300088660774684754e-02
2.609259526407040758e-02
2.457668220100748049e-02
2.339411941295929664e-02
1.336589627471662656e-02
8.689155650484382126e-03
2.654773371884495275e-02
2.219928394262133536e-02
2.453315614106573936e-02
2.771592882093970242e-02
2.708477969904199423e-02
2.449831314571263019e-02
5.620522194477163731e-03
7.468651468448281663e-03
2.991525535372082170e-02
1.471363419676324953e-02
1.712005225110649689e-02
1.657689903788828537e-02
2.436447252507193545e-02
2.303060178524847165e-02
1.690076761051294632e-02
2.596205449225962025e-02
9.506392646763100335e-03
3.371518377595386379e-03
3.043020239656298725e-03
2.792526948905491371e-02
4.164426148327216547e-03
1.518685402299308623e-02
2.734496880941300612e-02
2.772190747138428973e-02
1.775772366270028657e-02
2.561980984972316369e-02
1.991443657865519037e-02
1.973454176040159019e-02
2.327120190848588205e-02
1.522537715998670965e-02
3.037814803187970092e-02
2.605448812198785449e-02
2.764881194679127963e-02
2.293224770613343927e-02
2.236624446471794161e-02
2.963522073592539385e-02
1.315983077174164018e-02
1.039618536006899074e-02
6.319342284088673087e-03
2.901097689427513046e-02
1.093023886324357916e-02
2.644451859785663592e-02
2.833182245147191844e-02
2.091878454276197702e-02
2.702890973956420181e-02
2.536620896573466705e-02
1.985018652721839277e-02
9.823709312486494927e-03
2.812157782096804878e-02
2.933265836035478871e-02
2.385563929211745315e-02
2.898130616657835362e-02
2.682258939426431302e-02
2.351890522744751882e-02
1.021348828679240379e-02
1.829433533357747652e-02
2.341904181140764402e-02
2.880953074003486658e-02
3.119356939507268028e-02
2.698613539580718007e-02
1.781950932311373442e-02
2.725900031087268721e-02
1.363345790589243385e-02
1.140862787801841076e-02
1.383877581511591855e-02
4.923866843127817396e-03
1.954676135027997100e-02
2.314747207322249284e-02
2.290986744402482081e-02
2.692218008351775216e-02
3.096238526448284040e-02
1.646614966248188816e-02
1.763821900870700746e-02
3.078841532168425169e-02
2.576327117741399053e-02
1.961836509274957757e-02
2.796749318363667483e-02
2.540992593259711746e-02
2.170800721085518886e-02
2.507772722423804584e-02
7.632018859163412251e-03
1.118515386288672017e-02
2.628078579951822341e-02
1.513087787173344502e-02
1.204658990023402439e-02
2.095174178624320538e-02
2.527434895417651414e-02
1.791881466802943551e-02
3.050731975474425817e-02
1.725892996867493812e-02
1.847211852498646667e-02
2.485017714380506268e-02
2.306971771164271004e-02
3.108002343969586828e-02
1.565227523789925954e-02
2.734847584867451664e-02
2.631869375594982768e-02
1.843289767025641998e-02
2.880640664676271598e-02
1.600371794734875563e-02
2.054184698906210901e-02
1.244320659274453754e-02
3.046244196561878614e-02
2.338337853549234818e-02
2.027493882307609269e-02
7.498553759774622372e-03
2.978547995307094173e-02
2.581059829794829855e-02
2.003013688556571151e-02
2.170633084394140919e-02
2.349720489586797426e-02
1.619932632922173668e-02
1.437348284795496832e-02
1.825052818645191144e-02
2.519280089563812053e-02
1.336996712559620527e-02
2.295325862242659012e-02
2.925720659777460500e-02
3.118851299269815788e-02
2.756739428179559755e-03
2.657269125531856735e-02
2.818023794952700598e-02
1.689838651616753368e-02
2.617507915203690777e-02
1.894645315372757086e-02
2.789929701604052306e-02
2.655323453381383189e-02
2.551643202409250091e-02
2.239075702232698820e-02
2.638430392257693283e-02
3.123477329413655232e-02
1.984045302387207194e-02
1.726318649617567674e-02
1.322963020426775119e-02
2.993143644528036690e-02
1.760835039683832093e-02
2.543306892182698939e-02
4.049559981359976239e-03
3.069622122017705290e-02
2.939711641644810608e-02
2.848311139328334879e-02
6.296720468892946614e-03
1.888753965720645425e-02
1.503708460973824691e-02
1.162522170690825571e-02
1.012678059082099645e-02
2.869971193345418128e-02
1.842468466412747197e-02
3.012034770759278862e-02
2.430207780239676887e-02
1.954648530458411373e-02
2.166633119639840496e-02
2.402048125353595590e-02
2.861759496459309951e-02
2.869356297316650803e-02
2.282353808387189639e-02
2.367150267309234973e-02
1.673979867811897781e-02
9.639519913568039833e-03
2.063954281014132239e-02
1.781037035387256218e-02
1.023076763057204422e-02
1.499142668086138504e-02
2.134495915022584234e-02
2.645926409287687950e-02
4.334498124279696774e-03
2.649821492368609893e-02
1.813694485746714102e-02
2.119492770976764973e-02
1.720806827621145993e-02
1.459961956885609015e-02
6.284311462999591681e-03
2.074559770324426594e-02
1.503235048978502839e-02
1.771029442123738321e-02
9.762874937301001949e-03
2.652503907881516992e-02
2.995713477760371390e-02
1.551158125554917035e-02
2.807008406397890760e-02
2.349250442560616575e-02
2.774026145570286997e-02
2.702515353032941547e-02
2.634606733332691547e-02
1.256582940554132159e-02
3.039332614686779399e-02
2.233500653797331273e-02
2.374834518595120292e-02
2.593912705531056448e-02
1.995002217702165209e-02
8.578967198437849329e-03
3.038839040768102906e-02
1.547954681337166023e-02
2.904262283447763340e-02
1.867594235179328988e-02
1.341221522421623576e-02
8.095168337270031156e-03
1.556913532522075615e-02
2.791749881692164384e-02
2.382033251436795410e-02
1.934906103034429031e-02
1.612560698601151962e-02
1.985754973082314717e-02
2.006529743611313449e-02
2.254001666856813094e-02
2.659449079270841468e-02
2.229212922764985116e-02
1.708808798582840335e-02
2.419119998709809080e-02
9.081917950910350576e-03
2.151734263179668621e-02
1.687620768011852818e-02
2.203214564873316392e-02
1.990662462564515151e-02
2.232232709888547911e-02
5.287042840734493786e-03
1.312826263628747055e-02
1.760044077753546155e-02
1.756810560692058376e-02
2.664924832328939910e-02
2.648172903478411555e-02
1.421162063702751700e-02
2.602532218183621973e-02
1.227204916402076067e-02
2.355594408682108037e-02
2.029403942103167116e-02
2.527418843697364428e-02
1.611031487837635487e-02
2.507637810626248132e-02
2.562994126502231643e-02
2.563664338390866937e-02
9.440549087400652156e-03
3.053086845513221237e-02
3.100796513424897843e-02
3.068513464468080112e-02
1.717291947819774706e-02
2.670180225396193499e-02
1.338045880052286980e-02
2.649656166603206117e-02
1.356789627097721058e-02
3.070215652745985832e-02
2.639512343584034942e-02
1.681119812154790267e-03
2.431954566133891216e-02
3.019281094400244961e-02
2.112396922671085087e-02
2.209710447532366520e-02
2.746880399914051335e-02
1.412619939797047676e-02
1.407036551045671643e-02
2.156155241251893687e-02
3.121835876408158433e-02
2.590706790826218658e-02
1.418690402811088533e-02
2.574261497573744617e-02
1.677299892506139284e-02
1.973368987032630278e-02
2.894163530141556293e-02
1.572733905896791379e-02
1.831428261943104929e-02
2.414956993470914609e-02
1.385087850558025871e-02
2.173490133901519530e-02
9.317041203587806200e-03
3.081613283742904233e-02
2.913789649089153916e-02
2.535116071987847733e-02
2.861498545887241132e-02
2.918097702479172800e-02
1.066536207390098023e-02
2.970240629641794292e-02
5.983088842734240152e-03
1.449514344984323064e-02
1.887542761746072162e-02
2.504966690043887098e-02
1.012509147323746930e-02
1.746271661674083514e-02
2.776966781557769354e-02
2.101834304825308392e-02
1.897612937713815881e-02
2.432876475224219487e-02
1.848717313156781825e-02
2.384460114615582008e-02
1.997235709354987232e-02
2.975421012453060773e-02
8.480849618725543396e-03
2.388891742567829379e-02
2.441444991348869220e-02
2.731763340218653149e-02
1.801007757795324016e-02
3.045542597812665730e-02
2.011331938261872593e-02
2.969219210406440559e-02
1.026149493174792308e-02
1.412731633987984563e-02
1.657273021500323476e-02
1.813068581823286049e-02
1.893559262545099417e-02
2.487406596001647333e-02
1.594504954326077598e-02
3.059557557860721755e-02
1.891729083602523148e-02
2.137053139226168311e-02
1.788201081503922388e-02
2.078338268644619458e-02
2.204931139251801661e-02
1.829353401610451721e-02
3.120993510643600699e-02
1.394383530826118385e-02
3.128164006939211650e-02
2.045131389720293916e-02
2.425170541977452604e-02
3.099524758387109738e-02
1.120944875005424994e-02
2.487446599164654798e-02
2.071583721653950244e-02
3.073647516265325119e-02
1.720451410646899049e-02
2.106598255687383570e-02
1.051341726334265210e-02
2.824876159409776474e-02
3.032900159863265513e-02
2.178720604642093647e-02
2.619786166261211732e-02
5.571275147740808835e-03
2.183945440761017598e-02
2.274877043075921104e-02
1.614419747098026076e-02
2.920594818458530431e-02
1.438482738865257647e-02
2.841401780132370505e-02
1.023689587127842721e-02
2.174383278921927093e-02
2.466370780597871779e-02
1.504352782665307510e-02
2.323936324669581902e-02
2.472422463193153785e-02
2.286133486429658274e-02
2.319405193843830301e-02
1.809252208764066186e-02
1.269432422198832518e-02
2.882335265020175355e-02
2.282045282544998416e-02
2.291191102975518798e-02
1.389077027169655955e-02
2.258758306274625399e-02
1.792080970875083515e-02
2.229544557492028553e-02
2.113968491039121614e-02
2.576265384151964558e-02
2.983526938639378262e-02
5.927042754673134302e-03
1.247987823668253449e-02
1.935624149908306627e-02
5.570237740453121145e-03
2.982331331896312041e-02
2.871189884821957403e-02
2.646060381081217702e-02
1.107526363869224678e-02
2.075802285217312818e-02
2.362278309272371202e-02
2.363460520941325360e-02
2.645294395773532120e-02
1.101565734504291599e-02
2.018196293258086443e-02
2.996392769391194311e-02
1.546339593354850890e-02
2.487624140677070078e-02
2.720126565088824486e-02
4.978043045886700393e-03
2.327442334270462404e-02
2.499123871361058624e-02
2.347134388414557835e-02
1.366694939635799966e-02
2.851156244818661006e-02
3.093065423614569862e-02
2.407202716481911600e-02
1.979232502212846523e-02
1.650731515656203574e-02
2.886017880275744407e-02
9.776898869571124320e-03
2.419341871376386871e-02
2.147251451192729033e-02
2.250176151970066998e-02
3.088108454195537256e-02
1.568911789769994111e-02
1.055568196502662884e-02
3.240312515548794594e-03
1.809983958043770089e-02
2.691062106337455476e-02
2.221801806377992489e-02
2.035843425180825644e-02
9.554373691536803201e-03
2.767087100017324997e-02
2.342451960457981458e-02
2.155734953968928280e-02
2.227646095218932878e-02
1.647734754539348714e-02
3.098190183599053293e-02
8.139592880153175350e-03
2.682444451087683326e-02
1.752348479421354452e-02
3.090516984584121274e-02
2.036473749293282037e-02
2.839824501011346813e-02
2.489603888151623035e-02
4.359670498963202738e-03
1.862943264003008234e-02
2.528457097247484645e-02
1.814594555096752174e-02
1.131553572183414610e-02
5.722334525226225287e-03
2.155061276420075500e-02
2.816702095198785408e-02
3.085070563937294952e-02
6.518311605935232268e-03
2.449423487820842973e-02
2.918955853267962697e-02
2.604943021916132986e-02
3.083135690396126075e-02
2.083979436650423150e-02
2.108119849883222097e-02
1.820192993016053057e-02
8.351508602865896636e-03
1.682390604128916958e-02
2.690554321876423988e-02
1.800103044630139634e-02
2.978650926254964443e-02
2.212505408990794384e-02
5.344355593048733671e-03
3.097254698244536822e-02
1.212590378565622101e-02
2.334868882810407081e-02
2.628910027784457301e-02
2.977325342212398113e-02
1.707080724150760245e-02
2.831746428327422752e-02
2.313426001177058822e-02
1.341376802409407869e-02
2.518342155545745184e-02
2.719946638907246722e-02
1.414180002760530817e-02
2.912890040527707503e-02
1.561183545290715374e-02
2.487990770657075301e-02
2.989344318271046005e-02
1.479792821492933660e-02
2.289897689463217534e-02
3.059318410695999538e-02
1.834240966225112943e-02
5.387642889905534457e-03
1.114352828115682155e-02
2.280370469857525423e-02
1.420593980832693566e-02
1.573158534697141273e-02
1.704715009429687289e-02
2.505139069959230053e-02
2.094457599391431196e-02
1.176624746595984067e-02
2.151212990752390114e-02
2.874104593857566489e-02
2.292204829969087324e-02
2.937705741037734131e-02
1.100992747586991907e-02
2.378121594682393314e-02
2.119961836624799020e-02
9.067573731374059184e-03
2.031605343717635820e-02
3.017669025796710161e-02
7.105727898655081823e-03
1.993240527996115868e-02
1.668049689611824510e-02
1.386140787444157304e-03
3.048980994234435499e-02
2.928656424185581419e-02
1.201041072969685243e-02
2.583631754901407826e-02
1.243980417358442163e-02
1.866937669622202242e-02
1.502844734241869443e-02
2.274435815765756333e-02
2.734569898100560822e-02
2.342964016074985251e-02
2.350694121160569125e-02
1.235596282664602578e-02
2.682837791935167512e-02
5.347170311806819128e-03
2.917457395313365065e-02
2.642966301855304706e-02
1.574702998019526790e-02
2.788275495751097247e-02
1.946268194792381834e-02
2.454828852953749169e-02
1.736467902356212886e-02
1.393406929588955970e-02
1.202579971293447729e-02
1.975676289830996524e-02
1.516365506486986973e-02
2.273227118346412418e-02
3.124792084162408487e-02
2.032264618909364676e-02
9.700121254633717674e-03
2.596620958669004081e-02
2.346478658170791237e-02
2.795493812804363681e-02
2.169919632816453420e-02
2.565599450218131877e-02
1.767017052627967155e-02
2.895355584001850849e-02
2.481870629098153341e-02
2.038867617996547449e-02
1.399979171347215216e-02
2.354605609687696402e-02
2.281448907866837073e-02
2.382861364272291158e-02
1.706300725015174810e-02
1.896093179056835415e-02
2.757770977866453449e-02
2.225423473301910496e-02
1.047504131826544789e-02
1.266433302831558583e-02
1.939339611605745209e-02
1.814609068351165713e-02
2.694151140819685958e-02
2.918072816991121657e-02
2.750036288782691310e-02
2.684579882600395331e-02
8.853227891434120936e-03
1.548866384647939673e-02
2.890640266694891394e-02
2.117683209671392466e-02
2.400036318804208563e-02
3.019499857363715928e-02
4.605098717833324209e-03
1.326310949544604566e-02
1.281847302426840363e-02
1.097169622422633321e-02
2.090584801122773173e-02
9.076586242490141884e-03
1.931645272684499523e-02
2.607343808962138756e-02
2.417164515577866282e-02
2.829454285126492552e-02
2.998287003477493814e-02
2.419438348611204978e-02
2.762909136705967231e-02
4.479235735851978123e-03
3.039150900151917772e-02
3.042942750566458507e-02
2.378660808145736938e-02
2.407614750789458576e-03
3.029754273783418980e-02
1.613195699625086937e-02
2.755862757546591671e-02
1.683288191224090180e-02
3.104319975599962103e-02
1.252559620958569077e-02
1.914129035046729585e-02
1.888018464038078090e-02
1.841506561304260756e-02
1.186262176097310078e-02
1.426467905844477392e-02
2.969542497942897000e-02
2.894552055481902295e-02
2.663883896517409838e-02
2.361877771119437475e-02
2.952304406633022779e-02
2.455217927660114513e-02
4.581766459962824042e-03
2.884502042556951959e-02
9.027707428982607515e-03
2.013835353022879610e-02
1.929995623134875965e-02
3.101273185431107152e-02
2.633204398056971166e-02
2.064811338743439625e-02
2.650021754507618857e-02
2.167683051745086797e-02
3.126961268288745016e-02
1.904823106504646354e-02
3.010850622055066123e-02
1.900364179679581850e-02
3.011462218576531000e-02
2.799997489793221855e-02
2.337277185496380513e-02
2.973294176545543399e-02
2.644959925755886732e-02
1.662558126015707335e-02
1.533542563021471350e-02
3.031974073088741783e-02
2.120142895586617574e-02
1.316135581381464199e-02
2.871461183169901621e-02
2.467314943695833943e-02
2.714205379911183158e-02
8.090330220012273768e-03
3.070262474177665526e-02
2.002446946390022686e-02
2.080238164423608288e-02
2.595095069136601693e-02
1.978286024421010980e-02
2.650745726369210450e-02
3.056994592833914628e-02
2.657613514867781038e-02
2.668740627306505353e-02
2.615625800471290535e-02
2.722904043234632143e-02
2.777381040277497951e-02
2.572356308947772868e-02
9.542556691952553197e-03
1.489849622433251849e-02
1.180246062238294279e-02
1.888432356358328221e-02
2.256061950715727155e-02
2.841187496287718439e-02
1.783245385321048995e-02
2.223224123609914699e-02
2.566892565842300578e-02
1.208405264139624131e-02
2.713079405674057032e-02
2.842672848218946724e-02
1.999507602635023154e-02
2.432122199961711181e-02
1.912324223233932349e-02
2.272741406309788936e-02
1.253881535872117085e-02
2.550773007547156579e-02
2.275398736707116842e-02
3.003377617280281534e-02
2.207296571504308025e-02
2.672903004120742720e-02
2.652264998193264514e-02
2.327231311382384552e-02
2.496250217424833551e-02
2.106825873085962225e-02
1.633452833542759983e-02
2.934143238189149128e-02
2.489595863261130290e-02
2.314015469194712071e-02
3.107199681954758014e-02
3.021622602454427514e-02
1.845050030296745830e-02
2.952066058626461389e-02
1.162747738043358806e-02
2.769673352740209885e-02
9.107619159670248335e-03
2.800745469533672330e-02
1.867236049834448269e-02
1.852608472929823807e-02
9.926830434727551902e-03
1.537975475499260211e-02
2.643199794285129144e-03
1.605747370061385432e-02
3.099380707529068857e-02
1.940094230953889193e-02
2.621364885114318630e-02
2.233777632813862407e-02
1.872746400406852946e-02
1.899616742581365647e-02
2.076503355165717699e-02
2.250907169738709107e-02
8.008807234666697264e-03
3.006555752781596424e-02
2.743998959500950491e-02
2.771105974649405376e-02
3.115238701103621027e-02
2.644595936449781193e-02
2.439473928553730769e-02
2.703578690487310615e-02
2.348229366050563413e-02
3.077462402750917939e-02
1.905058674836359808e-02
1.965803127820630464e-02
2.757736725418268378e-02
1.896899130326426194e-02
2.586652672857266827e-02
2.897643976011383612e-02
2.623628185768827822e-02
2.210433653993041508e-02
1.497896601586196259e-02
2.928712604411795248e-02
1.979981345076781835e-02
7.940702877602599102e-03
2.499206737940532289e-02
3.786250483847265324e-03
1.008210339932367507e-02
3.043796169474021623e-02
1.889286633844832961e-02
2.012455477383771896e-02
2.651472402051077357e-02
3.008587391456441287e-02
1.427576052474892505e-02
2.351510894661902953e-02
2.188742430664921204e-02
2.476993333242395734e-02
2.341540201156714837e-02
2.844567393205632913e-02
1.507051086953216032e-02
2.901860936369303132e-02
1.547003138743999195e-02
2.147567617552528091e-02
2.068641482486706720e-02
1.852137282332890281e-02
3.098243864398628894e-02
2.818116080243040708e-02
8.122542074511263435e-03
2.519646974941641693e-02
1.708217899364235584e-02
2.340889196399529790e-02
2.984844402339351804e-02
2.935664100087875816e-02
2.058228248198095897e-02
3.030455698919588825e-02
2.778872030587762124e-02
3.096159086343190647e-02
8.635983079342601787e-03
9.775771493186865418e-03
1.656328697269359926e-02
3.118074518206049792e-02
1.848757317178939194e-02
1.715429313717996285e-02
8.913022939530520702e-03
2.095539952108093143e-02
