1.566882321151845114e-01
1.417255159497416706e-01
1.598366177816230305e-01
8.110706581617461997e-02
1.326439952117634546e-01
5.598042769764973586e-02
1.388471111029186411e-01
1.682296127250869355e-01
7.057934008684307869e-02
1.615299722581770570e-01
7.702038479689907180e-02
1.328964048493277150e-01
1.485550599552374340e-01
5.607594883108835138e-02
1.332265005986265349e-01
8.353752950620589590e-02
8.565343559276425434e-02
1.283933869345955103e-01
1.344928341009639094e-01
1.072415758140700115e-01
1.479017978172133818e-01
1.080796539739644346e-01
1.339376782193385240e-01
1.023567205329295460e-01
6.911136316072416519e-02
1.523959609094380219e-01
1.736056757029782738e-01
1.142022750808791426e-01
1.630030357780208883e-01
1.310277197774446512e-01
1.319093323852398025e-01
3.468544017716314320e-02
1.488085413638007282e-01
1.752796760656288033e-01
1.638854845841087871e-01
1.468147771125037637e-01
9.799358429732438203e-02
1.444555010449052046e-01
7.410366944558900715e-02
1.294164356651645587e-01
1.126800152590051868e-01
1.076955951117817278e-01
1.028131014061158116e-01
6.300974024454253364e-02
7.375197973476818603e-02
4.357244996357503147e-02
1.637843054817718358e-01
1.667661807679510222e-01
1.470399423363369096e-01
7.893921948993691540e-02
4.468165540749001463e-02
1.563486204125186241e-01
1.672450850492171737e-01
1.389147335907386371e-01
1.648079089923170371e-01
1.584682459024921442e-01
7.522429017178702826e-02
1.263535210046774215e-01
1.190790978064128203e-01
1.323266227577265530e-01
1.459936172152756784e-01
8.502491170838628876e-02
3.154253183210982414e-02
9.963154849617886222e-02
