7.125159004376073468e-02
4.655907895532745977e-02
8.440181870649647589e-02
1.188789533732303311e-01
9.987704220526176513e-02
1.081324706170299355e-01
8.349276872870238508e-02
9.644893220146316670e-02
1.126508749763148604e-01
1.063381656918401946e-01
9.197203133665911301e-02
1.002578359734759006e-01
9.345483352347774830e-02
9.633584408429146650e-02
5.029604453351504967e-02
1.228284807563509995e-01
4.934292400673315204e-02
7.245996706729578019e-02
1.202983673005520310e-01
5.991630340012479156e-02
6.721674213289265121e-02
9.323063854175817067e-02
8.638252570441838640e-02
7.327838923898036261e-02
9.086055862888235690e-02
2.003854564748145523e-02
1.137225458590472860e-01
4.258273178639682827e-02
4.367982119460273732e-02
8.605701481334897263e-02
5.102985113526306571e-02
1.013866358163551390e-01
3.615929946050623622e-02
1.139063236514004374e-01
1.124785015462022864e-01
1.092750999478058899e-01
5.550876691333506141e-02
9.951652174382467908e-02
1.110219115102431542e-01
1.078389552295490744e-01
1.107466615992902526e-01
1.144983698643137621e-01
1.204101540635274387e-01
8.678795479183602779e-02
6.745924384006278529e-02
1.012576472389805082e-01
2.268419142054842533e-02
1.085196963171733697e-01
1.235251391591824510e-01
7.500668162609716583e-02
9.542691427209351596e-02
9.761886510900194547e-02
7.593559111998021693e-02
1.216800638608318552e-01
1.131927940126373489e-01
8.538498618473885915e-02
5.138268303574450302e-02
1.125134527175496307e-01
7.520910233788048738e-02
7.454161902284257846e-02
3.986816666223456235e-02
8.884351436725375362e-02
8.165668606980315547e-02
5.117698587354042178e-02
6.593702602439131463e-03
8.513413053509592821e-02
1.194680718329471647e-01
8.886674629231011702e-02
9.057385973078509178e-02
9.605338992288299516e-02
1.140347276629190831e-01
1.010132355994563108e-01
9.936450415455383434e-02
8.823053952959940271e-02
3.683535830913416131e-02
6.990846845195833326e-02
1.102398773361635415e-01
1.062774345873940540e-01
5.632780404036119570e-02
8.509025154154377379e-02
8.875816221951829399e-02
7.964025604365558564e-02
9.497470192591786486e-02
1.186427831603347888e-01
1.127999383750692974e-01
2.969113362378167364e-02
8.056267778106725175e-02
1.101573239446296537e-01
7.728084270736869377e-02
4.427394219078679971e-02
4.291960572351554565e-02
4.586494551817488219e-02
7.356822597689652299e-02
8.411108092150587634e-02
1.094170432282950967e-01
1.115116686748503505e-01
1.030526573928969153e-01
4.504303343752375649e-02
9.571517366774337510e-02
1.076798498187149095e-01
7.556026063845648622e-02
7.207707550243082351e-02
1.054027217837513880e-01
1.195704395608265247e-01
5.197242902827502870e-02
9.908162960657845852e-02
8.331959690442782007e-02
2.614793560579583773e-02
8.791194229763840684e-02
8.165789449856297733e-02
1.207560925189660322e-01
6.771956254118693952e-02
8.418190053396217010e-02
5.299019288455866089e-02
7.445895258578866249e-02
9.624453423673530461e-02
4.946689504950584071e-02
7.314270730486871486e-02
1.168912898723326182e-01
1.030975844880731435e-01
1.190719038285032866e-01
4.971431586157078891e-02
7.055922165279621128e-02
4.918757723653508634e-02
1.045356287715080018e-01
1.227541630397000760e-01
7.592588314840162389e-02
5.619848212340872520e-03
