3.095012915660194874e+00
1.108869077910761547e+01
1.570153603452641811e+01
3.223524795653202268e+00
2.477892430167595972e+00
-1.100923832392711466e-01
4.750148444459606267e+00
3.126448178318444793e+00
4.750125144781160103e+00
9.889210194960398326e+00
9.416775857440196518e+00
8.877885414339687031e+00
6.371644826235196568e+00
2.808417555506987906e+00
7.827332196430823785e+00
1.414552147031776563e+00
2.121926685150457903e+00
4.587542377798826010e+00
7.674211357401651057e+00
4.804958439865918862e+00
3.499711654209239242e+00
-4.535396283166860665e-02
-3.910277362652362504e-02
9.428236479972188278e+00
3.155514820070941528e+00
3.186854182551703385e+00
1.259408295747253170e+01
5.802119394726112239e-02
