6.282845712113735104e+00
9.688080684323422176e+00
9.413851330317726251e+00
1.069076461107214371e+01
8.079721825885814113e+00
3.131115651720147941e+00
9.430198873209439725e+00
7.244824823602972863e+00
3.143380593603608997e+00
8.362094350894581751e+00
3.138527070182649759e+00
8.110102960787044069e+00
1.066596209561077657e+01
4.589833774099741248e+00
1.076877291961319294e+01
3.174216259837721932e+00
1.099879200107994315e+01
1.065223048249129612e+01
4.697556436578735450e+00
8.377146538588084113e+00
4.693117610580475940e+00
1.256992461555501173e+01
4.707528332506504931e+00
9.440750851385605102e+00
5.901521280061721164e+00
4.703069210565641534e+00
3.141294559739726378e+00
4.714163252496849310e+00
5.982710664827805246e-03
7.845782998002944986e+00
1.257101115442923955e+01
6.308898301256061103e+00
7.536562643731154587e+00
9.428399500603285688e+00
6.279706452830668972e+00
6.322967141438908811e+00
9.431486366263644783e+00
1.163966061630072346e+01
6.286563169868944811e+00
6.266822911691478204e+00
