3.113682914404003466e+00
1.115666087334382439e+01
3.146433661160132900e+00
1.230736861522475678e+01
9.464376356068934015e+00
6.301787483145165680e+00
2.588843747148901198e+00
1.256914086425372190e+01
1.257725834839659917e+01
3.313935338033782596e+00
6.294049818511158634e+00
9.484235730539680276e+00
3.153747616244626073e+00
9.422471156424922611e+00
8.050662037225700729e+00
3.148603972016765340e+00
7.806102233676628366e+00
3.690057577154358004e+00
1.566671107479645109e+00
3.637566015842501055e-01
4.555069797129958076e+00
6.283386746262031863e+00
1.575114317211248727e+00
1.239256813772377619e+01
1.100020318706918232e+01
6.345430342943586766e+00
1.099020900985568616e+01
6.308339306060300800e+00
4.701511805586039650e+00
6.288146710143077023e+00
7.855123291799120722e+00
9.410335871113424844e+00
4.722149875558878662e+00
3.147879369931516180e+00
1.571114133362122535e-03
3.149426002864984753e+00
1.256210099766262545e+01
9.378484489799207680e+00
5.166669065458722246e-03
9.440470705533929419e+00
6.279008763820974615e+00
9.773280747062985441e+00
9.425389694547829933e+00
9.423644878609977127e+00
