2.072138614165935089e-01
1.688163018547663430e-01
2.436020192855719024e-01
2.113860430896109255e-01
2.278644955411693596e-01
1.786633908336054399e-01
1.913335235603671747e-01
2.169517390968368487e-01
1.867678539906560686e-01
1.255554036124090500e-01
5.458862237454669558e-02
1.265436031391365124e-01
1.533990849456997041e-01
2.154451391811186556e-01
1.698665022850089357e-01
1.444824110633931846e-01
7.268731798961412804e-02
1.840396577345251028e-01
1.471342117211397460e-01
2.236794507563162615e-01
2.140759133777201950e-01
1.031664321389129113e-01
1.734912431070704530e-01
1.814328965600597587e-01
2.007281240221863439e-01
5.992465754607920192e-02
1.619218276340276819e-01
6.681258827104982756e-02
9.469328224025452823e-02
2.416126242464497753e-01
1.904384786556590492e-01
2.433129999976577362e-01
