9.761333014478791981e+00
5.966654021393004825e+00
9.105659069728464061e+00
6.196067955893866497e+00
1.032102629502820168e+00
3.142913517259488199e+00
1.744642005417853040e-03
4.834849400985843815e+00
8.924694771937268456e+00
2.601361698950596324e+00
1.726082608597728330e+00
1.113609081912918874e+01
6.277154117069120076e+00
7.768989894599349633e+00
3.184213362410948989e+00
6.284692904589927132e+00
1.152484114753749567e-01
9.521547433506015068e+00
5.784420873569247057e+00
6.273348434814975505e+00
