2.832027264937055477e+00
1.286490443881227996e+01
-1.233867967960844692e-01
1.631066180599501481e+00
7.148495443990422693e+00
4.585406337070382143e+00
6.191100684571479107e+00
4.921652275095004470e+00
3.106367893697859373e+00
7.852729965728806327e+00
2.965623297655879842e+00
1.090596329817693899e+01
7.889243291345794162e+00
9.486064535285549937e+00
4.576257488418319141e+00
4.642193173517942029e+00
1.398096281003438079e+00
4.587907022648203714e+00
-2.407411709568380576e-01
6.199476857636049942e+00
5.980941729405382823e+00
6.187344672067122353e+00
-7.039240090515432868e-01
9.556598427933916895e+00
