8.284764001182044757e-02
4.822248198001067437e-02
4.772380703999772739e-02
7.697001139987709462e-02
6.667772319197957931e-02
4.918232686506369272e-02
7.119204556562315489e-02
6.546177988619168719e-02
1.210520087010642787e-02
3.073409390267508104e-02
1.451679552732908739e-02
3.753860395024363056e-02
4.186721830606093125e-02
6.653348532254964309e-02
3.505152163651427399e-02
8.634317790459693220e-02
4.634064184201114323e-02
4.056780630760248307e-02
6.473209025948932493e-02
6.063315366104657378e-02
6.287014420495497247e-02
7.711481805556164026e-02
3.347821907703169703e-02
2.737753257834430604e-02
7.375130942976058923e-02
7.332573978587456076e-02
4.090798548409573659e-02
8.015002778723802346e-02
3.734809740051736604e-02
8.558988825978602888e-02
7.645419650729931571e-02
7.567889566339107421e-02
8.579295298681929860e-02
7.071218055953311377e-02
6.895074481095084251e-02
7.429417645102023848e-02
8.175770468206570996e-02
2.078276664173063157e-02
7.063666091589262952e-02
5.202572435129939471e-02
8.695379292416186012e-02
5.972888560608299174e-02
4.891438945335409988e-02
7.171631883396593909e-02
7.564258647538757430e-02
6.824740233823402280e-02
6.571065933083250488e-02
6.201585641124300607e-02
5.695638484499553761e-02
4.054238801762091032e-02
3.041083341394025530e-02
5.193202188151478660e-02
8.022290615147775750e-02
8.732515949029111268e-02
5.198229206247821643e-02
7.647539878526538049e-02
7.931451504427776411e-02
8.612146053498949405e-02
5.612532607924954758e-02
8.417969373470966798e-02
3.143462587702843935e-03
8.460159790873328367e-02
8.704915228234468005e-02
8.413478056672228644e-02
5.536367507004937016e-02
6.300986555087004226e-02
3.918602368604467978e-02
7.725638171650330011e-02
2.911661634208857416e-02
5.754945559377148273e-02
2.951604081934761092e-02
4.139543647263713155e-02
8.602274277141737369e-02
7.291231976303774731e-02
5.108132188027112580e-02
3.970532484389142219e-02
5.367528824557501153e-03
4.533982224601840888e-02
6.325100273286817822e-03
8.574067299321415370e-02
6.630696786947661014e-02
8.110904888433026483e-02
7.533784342553002944e-02
5.589752825818208176e-02
4.224633734605322960e-02
6.460818992972930386e-02
5.390607114119436855e-02
5.812747413688588299e-02
6.844019918258603674e-02
7.721571002239228931e-02
4.020942852937733902e-02
5.584219213830320799e-02
5.798500200665939602e-02
5.361543881409132351e-02
1.000480241965315611e-02
5.809842231865595258e-02
8.176876459804049979e-02
7.602818808189198974e-02
8.554921321332821516e-02
7.130275834243983424e-02
8.528897834648260790e-02
7.717363224382815801e-02
2.903046820624798421e-02
6.954853259689434963e-02
6.335426896834177313e-02
6.809850697299711653e-02
4.644807042416520398e-02
6.997161028355411427e-02
5.539326348952509915e-02
4.806213255526656930e-02
8.055361874635237965e-03
7.536299778565325180e-02
1.283845111915088433e-02
4.461664606957225360e-02
7.315913457247862073e-02
3.829985951213104450e-02
8.085656191176628094e-02
6.911956890271410414e-02
7.509605090580857845e-02
7.776946980118724928e-02
5.425448247665078799e-02
7.986994879381147106e-02
6.835565924332698273e-02
2.904265414881341753e-02
5.799272941287670485e-02
5.571262211815324397e-03
3.116961886149297034e-02
7.294919126242475904e-02
6.493270077380551564e-02
3.191244096097145544e-02
7.212284207718223927e-02
1.237669083689938408e-02
8.597381286663097200e-02
7.732247287730964480e-02
6.545228192978305715e-02
6.466013876991627551e-02
3.403745087816588411e-02
1.406026297274680717e-02
3.898827946345354706e-02
6.592616545218617230e-02
7.893815555512979920e-02
6.451884381561830140e-02
3.240628104625103284e-02
6.912518074277691771e-02
8.582063363377014087e-02
4.530038965842196619e-02
2.860765982839064137e-02
6.252618286657343760e-02
8.704056901623009879e-02
6.882654933145157528e-02
8.726059165378034777e-02
2.209004907155917227e-02
6.259159181669214644e-02
7.843622975060114688e-02
7.820586572529183989e-02
8.639988900635613145e-02
3.278282796525001236e-02
1.978589701028915862e-02
5.061222274955871903e-02
3.805540841361306631e-02
3.520648965238366151e-02
5.584531119604719401e-02
8.510208154238443901e-02
7.754537678045124449e-02
6.791608776295349204e-02
6.352010750928506477e-02
6.845495899767174708e-02
4.849213011742656981e-02
8.010584474842279146e-02
6.849906973622568729e-02
3.547921078466752254e-02
5.469637513545391044e-02
3.402940596416136748e-02
7.982879864296364703e-02
6.781926865800036452e-02
7.897091853411887519e-02
6.173919744072622895e-02
7.424884502632457528e-02
6.230130780220468484e-02
5.503553113891465620e-02
5.225740874575033473e-02
6.126469852205276845e-02
6.361143212629297161e-02
3.720661154880184479e-02
2.547131425309675026e-02
6.215196861368187803e-02
5.139154053666123573e-02
7.229716985434599119e-02
6.817307177061959766e-02
5.973991585734371446e-02
8.507971615186163405e-02
6.400057514269973102e-02
6.222517370602757142e-02
7.311968611193289669e-02
8.145536274403440691e-02
4.156095259857989221e-02
1.932650425536878991e-02
6.795461985860616616e-02
7.644392266765322186e-02
8.563478838892225886e-02
5.506452767159418504e-02
6.805106731129006992e-02
6.631359267225951648e-02
6.271368316366628115e-02
6.852876169303348530e-02
8.188372754275284604e-02
5.157266040444697525e-02
5.212047333708829527e-02
5.279669626003539312e-02
5.232287848041607820e-02
6.502263977711988940e-02
7.517091295791430983e-02
4.256685928037227951e-02
5.945833637721987391e-02
5.148367827551964676e-02
1.582166200456029681e-02
1.428518234688739078e-02
7.101962567795730430e-02
7.552054098258687009e-02
7.864565856044626602e-02
5.638341973693167253e-02
7.143648647124684059e-02
6.504718150051308490e-02
6.855515278640043897e-02
7.839737919594835791e-02
8.300858132033464565e-02
8.588477327596265309e-02
3.246299855290613046e-02
3.757053043878564452e-02
5.022178137145282689e-02
7.178774011592189974e-02
6.071753036892252320e-02
4.296972076306888183e-02
5.843477760928212500e-02
8.098488906244637187e-02
6.885775265273058610e-02
4.703278980180308072e-02
5.221045712756428731e-02
3.988857704477932753e-02
7.788649247487547389e-02
1.668259332372027184e-02
8.481959613906504825e-02
5.304033268184651928e-02
8.683836276255187114e-02
7.594913269342892792e-02
6.333622701987068337e-02
4.492971043762895855e-02
8.221839674493516825e-02
3.157658696974564860e-02
6.316568008065451267e-02
2.552262037135331202e-02
7.942673178154462110e-02
8.485898343680918499e-02
4.018492477038898558e-02
6.382405235483554207e-02
7.034815364334190413e-02
