7.071291032340952576e+00
1.257222065732483074e+01
4.569831917048889913e+00
2.367854758336833232e+00
1.570846982940553804e+00
9.083516687454499916e+00
1.137764346243672797e+01
9.407712720643127469e+00
1.172212817284193420e+01
-2.194823995663240917e-03
4.748600564108707012e+00
3.213137085587745023e+00
7.853530588448089489e+00
9.426052760066019331e+00
1.096744788838531370e+01
9.425002973187183386e+00
9.488821594471012588e+00
1.102161085914406335e+01
4.591301000701568213e+00
4.787533530367819701e+00
4.748724693930399532e+00
1.100231462743742128e+01
1.208976748294486203e+00
1.094059137344902766e+01
6.316002852515448573e+00
6.293655344225436821e+00
3.141585551417488631e+00
7.654319674229640436e-01
-5.626933758047501788e-02
1.294095690828306289e+01
9.441799204229120335e+00
-5.298991789885439813e-02
