3.188669534404982464e+00
1.101601315825337224e+01
7.850942103716000986e+00
4.125628089195108039e+00
7.852963178034828573e+00
4.455635863810376129e+00
4.749894193757832284e+00
1.249346491296287942e+00
1.545819766707175136e+00
1.925498097664878561e+00
3.157451782898702763e+00
3.151806693010449134e+00
4.559816978778940211e+00
6.253737165767522477e+00
7.036194621421588025e+00
3.106163582253097744e+00
3.768504896204346366e+00
6.322440686442273083e+00
1.105533250808108114e+01
3.135983101234704584e+00
3.138327467589729913e+00
1.199870487265127750e+01
9.426908849950375924e+00
-2.551508573364504318e-01
3.189903163961010257e+00
2.842587594912165283e+00
1.258429539467558378e+01
5.040205026360028207e+00
6.276189392287768953e+00
9.431881097355919508e+00
8.015669283273611612e+00
9.427235460965071923e+00
5.560649210324957181e+00
9.396691239364999504e+00
3.802905741683494600e+00
9.440611454592287899e+00
