4.371036746069695972e-02
4.696904100361428552e-02
3.378725003789499748e-02
5.060200856704310385e-02
4.530275872498358558e-02
3.547364514216660991e-02
5.547827374047093613e-02
4.230210826338002411e-02
4.951507910318952294e-02
5.971879685562046097e-02
4.628615093813712167e-02
2.863676538102400901e-02
1.154322771153714830e-02
4.367556141105862627e-02
3.175689252611068464e-02
4.049488692803030615e-02
4.789075099319223261e-02
5.537454613902549616e-02
5.577583168369997652e-02
5.496316311570611374e-02
2.100374798070872573e-02
2.889253690656445189e-02
4.239373217781193526e-02
3.850144623511990438e-02
4.375503424948529868e-02
4.875505704594729900e-02
1.887601341371466374e-02
5.534704731571557512e-02
4.829921387464942290e-02
4.957854055359076084e-02
4.527975101862191654e-02
3.394241742278275575e-02
5.895896165785757814e-02
5.798521276307136429e-02
5.170551500970313463e-02
4.526172009278717906e-02
5.218999488207683168e-02
3.116763247332775960e-02
4.155503803081081471e-02
4.638360461217955200e-02
3.295758690102868621e-02
5.960096567211799201e-02
4.688270428493386544e-02
6.042436997277116778e-02
4.094688455235026558e-02
3.575876640130632583e-02
8.970160903664856078e-03
3.346034571964771887e-02
3.648897764842189834e-02
4.927531978894087589e-02
4.472201287317623120e-02
5.277286623999871695e-02
5.086711827131320390e-02
2.952235420789621825e-02
7.486817349597978816e-03
5.289353354994447143e-02
1.449603621430027404e-02
5.220282397088898962e-02
4.822875678268691291e-02
3.222648466470413170e-02
4.423556756059213169e-02
5.647172923626698343e-02
5.194711044582556170e-02
3.950123272616146153e-02
4.622375959361925413e-02
5.660728543163265347e-02
4.688939443078583152e-02
5.948384650688904457e-02
5.982860985365792694e-02
6.837350546494304522e-03
5.562296936931075686e-02
4.282882719414063399e-02
1.803075341527453010e-02
4.769012730161061725e-02
5.172491292942879570e-02
2.888670080975315468e-02
4.587828628303121381e-02
5.570248567829292480e-02
5.150688263230403241e-02
3.961949460395398914e-02
2.712329438251233696e-02
3.156405043465304421e-03
5.235342346460863938e-02
5.097893181376200039e-02
4.566970250367396317e-02
2.942081151272898237e-02
1.618331696736511824e-02
3.328146068253499956e-02
3.963276003359663541e-02
3.830930802638490146e-02
6.066761599946382533e-02
5.848636824834412690e-02
3.797199389090719773e-02
5.791083373898924663e-02
3.650714135764416418e-02
2.919182249694269107e-02
5.223549246903268217e-02
5.208237508704675195e-02
5.992598384428958480e-02
6.005123602544609751e-02
2.877945032739824202e-02
4.952538010188132361e-02
2.779025259735681819e-02
4.248622065894946953e-02
1.665619847462005212e-02
5.339220440469558127e-02
6.104442541545668927e-02
5.064313192172245626e-02
4.528909413979453208e-02
3.333345880725922111e-02
2.544048174986393573e-02
3.533487010353802971e-02
2.643152754653101469e-02
4.556807474648569972e-02
3.665783449303962327e-02
5.614964380740795208e-02
3.073269409877416036e-02
5.538134600667887070e-02
3.949499485044657976e-02
6.029047625019347961e-02
6.015378732919785670e-02
4.733669448138556890e-02
4.378080494182128024e-02
2.231435555060365741e-02
2.955644790186431545e-02
4.430786884620259436e-02
4.875030433322850854e-02
5.243046150634243091e-02
4.020476421720339810e-02
3.889198254146954831e-02
4.315162683248709163e-02
2.590225603998784140e-02
5.505129663789683908e-02
1.530744291085112639e-02
2.339128318520438538e-02
4.729212423908464580e-02
3.479557163534411496e-02
4.730475923353423540e-02
3.167907954384596714e-02
6.112668679964786828e-02
4.387221325691861851e-02
3.948088394665003054e-02
5.499273744760420357e-02
6.069171297362099121e-02
5.342372389003050004e-02
3.820434703683806693e-02
4.882567677811916473e-02
5.356482530193074770e-02
5.355415626642725385e-02
2.744910437018834373e-02
5.503403768533301696e-03
3.069901250286214897e-02
2.542430958950788952e-02
2.303664230399595642e-02
4.329186050449017331e-02
4.928898919368613490e-02
3.938698550208902249e-02
5.896389689399187534e-02
2.564170469357772777e-02
3.506542526141204208e-02
1.626541424925072310e-02
6.116777914267971378e-02
4.208178979860208169e-02
1.004784748279361969e-02
3.575417111929474895e-02
5.901940769384762114e-02
5.404913917466366152e-02
5.658916078319090742e-02
4.952441682927345712e-02
2.920343176236833010e-02
5.092214979980095452e-02
5.358929694663244064e-02
5.159114727038765363e-02
3.361646399074025987e-02
4.289228674410102554e-02
2.021605287642730051e-02
9.166410562512066276e-03
5.266499712504733866e-02
4.316579930137891263e-02
7.139029787367706485e-03
4.297894277688977388e-02
2.424039849263931110e-02
3.471628877570116789e-02
5.877124508765443900e-02
2.601290994008443463e-02
3.783005196421671684e-02
4.965287044148466306e-02
5.656551201999768588e-03
4.474127811089170792e-02
5.809106590500182771e-02
2.809520744764227099e-02
5.477892863268959273e-02
5.028025846849610431e-02
2.265729667572688802e-02
5.487229043798697026e-02
4.100737991448247938e-02
1.877764139215869210e-02
6.054698068766178193e-02
5.016325463343743185e-02
4.218938335903701931e-02
2.960213480360184696e-02
5.875623142037426222e-02
2.774782762941604974e-02
4.408442761650262914e-02
1.809804461972999365e-02
1.135730236247873767e-02
2.296549501672810051e-02
4.971112553536503886e-02
5.274445378369173321e-02
6.037887485596236253e-02
3.316047340564948209e-02
5.737850721755744648e-02
5.796035244843936174e-02
6.074776559569843720e-02
3.919101869132523425e-02
4.520255158905240461e-02
4.972164976619420154e-03
4.877270662519222338e-02
4.520094926386938883e-02
4.116698692584784547e-02
5.118578809798244450e-02
5.429524931026600415e-02
4.851507739586465029e-02
4.634688832842293049e-02
5.582727999612040887e-02
5.490847221351871643e-02
3.036524240571699187e-02
1.305982893065872966e-02
1.111666977045177793e-02
4.454818959688230939e-02
3.103839714040452016e-02
4.452994745298358148e-02
5.503552925906097376e-02
2.932740563401961195e-02
4.698607419464471274e-02
5.038755859252534719e-02
4.269139018157863674e-02
5.362411684157848690e-02
3.779599544848863402e-02
5.598945501436640437e-02
2.387601674686926079e-02
5.825581955581802737e-03
6.053420166624788601e-02
3.970653702530907436e-02
4.283079981728913493e-02
5.500807767848673452e-02
2.667016458022229350e-02
5.549437182312162015e-02
2.472023206525011951e-02
5.165072321093747143e-02
3.581479195325380088e-02
3.645516865196370832e-02
5.827093330353677603e-02
4.944263804568096998e-02
4.423270455113585686e-02
3.830309699818687519e-02
4.476743755480071252e-02
3.585720395369514091e-02
8.353051892048849944e-03
6.092465172088157299e-02
5.350136535218481815e-02
5.579147888773070690e-02
5.720055583130973648e-02
5.913365522609172198e-02
2.094765049318379063e-02
5.996229483043937630e-02
5.961348843110390872e-02
1.486188780008258770e-02
5.120538407656211044e-02
3.970550433627966641e-02
4.622346045111666579e-02
5.743971374915535222e-02
3.765462073707302737e-02
4.482175750910274981e-02
3.992301756930437262e-02
4.645344069950293336e-02
5.949024983662068444e-02
4.052322277053815175e-02
3.609416179780398914e-02
6.016420604462560662e-02
3.760633799297507379e-02
4.574219125745337955e-02
4.260276720248301618e-02
4.249914098723400757e-02
4.987867618315918600e-02
4.268624125994473217e-02
4.095414815756071719e-02
5.941321787699466866e-02
5.732739173553132173e-02
4.944357943698590718e-02
4.689003661754117397e-02
5.389870752568817064e-02
3.784472801694248323e-02
1.220588780769789631e-03
4.948658192446703241e-02
5.286979012735913697e-02
1.670659688552433506e-02
4.705679123317865059e-02
5.335996533517105983e-02
5.504662903068656410e-02
4.791810814719498629e-02
6.037818290784639080e-02
1.228945620615908528e-02
5.817475976137959776e-02
5.744519634234183415e-03
3.302232606381810126e-02
1.621214353900982466e-02
4.065709431202126772e-02
2.874402326628942850e-02
1.061348087412194822e-02
5.066043060831593170e-02
5.646863090142588415e-02
5.574317866411794553e-02
1.803580678079033661e-02
2.246287858056974368e-02
3.290126785971132090e-02
4.737422564669398900e-02
5.413363865371316475e-02
3.643173805911924940e-02
4.349956902561972344e-02
4.615412863520710479e-02
3.594626852904789227e-02
4.434105232123932566e-02
5.649403108432068249e-02
5.519330040798146181e-02
6.036853177833183259e-02
6.143767200095292397e-02
3.227140927709409857e-02
4.794812601768330684e-02
2.810985121510763129e-02
1.393556183951567828e-02
5.402629884551733708e-02
6.116946878325281271e-03
4.319543215511335854e-02
3.349244371497788614e-02
5.980694636465650610e-02
2.388617951007431309e-02
3.340846407266524765e-02
6.139824411167513207e-02
2.727319912705755689e-02
3.212650649151695820e-02
3.709378107163145699e-02
5.760344173044366911e-02
1.617743843779576376e-02
3.705191096193050787e-02
4.992327486337803238e-02
5.478035666729964143e-02
3.038160882318011527e-02
3.747693000629247206e-02
4.596251645032785327e-02
6.061012226284431814e-02
5.399040512863877844e-02
4.938542015077349023e-02
5.780847623740911073e-02
2.140592631501399973e-02
5.615427941850230364e-02
3.004216157532225637e-02
2.703595219013772005e-02
6.042257274605883355e-02
2.483400572250765714e-02
5.796142914292512494e-02
4.008210983082430984e-02
1.955642172198778297e-02
4.428894558810662213e-02
4.676765220813255269e-02
5.617327512114987653e-02
3.283812898157471155e-02
4.306638227184190343e-02
5.833340041942941534e-02
4.869485836179009847e-02
3.330794728958989814e-02
3.455338916614179856e-02
5.579575764400624555e-02
6.035326585021576207e-02
3.555098660933405513e-02
5.901866343902736900e-02
2.996803641133447341e-02
4.245769171176700524e-02
5.696877664095365001e-02
3.965341524357699626e-02
1.899039732416368809e-02
3.953168779804182298e-02
5.115990090666070605e-02
4.448323887338985483e-02
2.239584769898211175e-02
2.684803320864552131e-02
5.750970282462913169e-02
1.984276615834918225e-02
4.422182669896578683e-02
5.199496712795650261e-02
5.531534587707830769e-02
5.718749202929094416e-02
6.006292334541871863e-02
6.020912804544209518e-02
5.824594214664837594e-02
3.999576665612736975e-02
2.899505821154694379e-02
3.631034635725076398e-02
2.262472207045456221e-02
3.612768130012044415e-02
3.352497725481794894e-02
4.955239771614346894e-02
3.539654278861172065e-02
5.394308487897184201e-02
5.368628774212726162e-02
3.761664025262718980e-02
4.617467639615184527e-02
5.004996144891665083e-02
4.420837866804927518e-02
4.936393795686346703e-02
3.905453936840696388e-02
5.375669144451464959e-02
2.307551077142328336e-02
5.683474171219141807e-02
6.014801403356352660e-02
4.539416761591642813e-02
2.556680391505004868e-02
4.786635518343909657e-02
2.677267278462455019e-02
5.886462727450911432e-03
5.438990966664016685e-02
4.209150517440949507e-02
3.570110595241303419e-02
5.042503277869896106e-02
3.883536987523242279e-02
3.652768802996610165e-02
2.225464740591699339e-02
3.961708824568403037e-02
3.326518520298976656e-02
4.944268634029774789e-03
5.907812304677093063e-02
2.659049145689766289e-02
5.189199550945013117e-02
5.741255365254784027e-02
5.188751161588461142e-02
4.046509540431431767e-02
5.511415789203992499e-02
5.926656420296632505e-02
4.826013946642025015e-02
4.008100114783468004e-02
5.959259160821168966e-02
5.720991432544838412e-02
3.706062438919972835e-02
2.580566242004239327e-02
4.387409118819551174e-02
5.276793969835190390e-02
4.379616310318212163e-02
6.141159848191588000e-02
4.202998089642569907e-02
1.409591532923443018e-02
5.539079293856200015e-02
4.812947620008343336e-02
5.273006455220873023e-02
5.610985229588927488e-03
4.639379376389823895e-02
3.502232562756015660e-02
2.459871864532248500e-02
5.814424996213499869e-02
5.287816326959262486e-02
2.763313646758661438e-02
2.221387393684999892e-02
2.138049177082818747e-02
5.182443261255377520e-02
5.619703144343834306e-02
3.540690545506813142e-02
3.483955968358311284e-02
3.767295652683579077e-02
5.459352554961764692e-02
1.628355081875167490e-02
5.848829506941933404e-02
5.596464143629439891e-02
3.877638419530288899e-02
3.356915654019082540e-02
5.317597580005437030e-02
4.300313465007945396e-02
3.081263684196118915e-02
5.831065471420199264e-02
2.439761387091968214e-02
1.060981174323718385e-02
5.856123448845556440e-02
1.317839662039999027e-02
2.483775572996536202e-02
4.194545167706572458e-02
3.420939664313879525e-02
5.063676932243021261e-02
5.778670292238678730e-02
4.530703392679646252e-02
4.420341770806028581e-02
5.774279875318624744e-02
3.047586527006576965e-02
5.988755694774793026e-02
2.733285963704698562e-02
6.044559147528990456e-02
3.408998343869273223e-02
5.915805696584668094e-02
4.308241665768025586e-02
4.872963574365321571e-02
2.483325602819722033e-02
5.482646930519041728e-02
1.649936988496146506e-02
4.638363082940090421e-02
5.540420011771037684e-02
4.263116562313358504e-02
5.537867689998193094e-02
5.355957124741084902e-02
4.152851654283924721e-02
1.772790242206913336e-02
4.606368394275668632e-02
5.552734036911671084e-02
2.934436381120542059e-02
3.024992404167827983e-02
5.652917416139081885e-02
