3.304112085221996509e+00
3.117221873396309295e+00
9.933222312191084313e+00
1.050102992646710298e+01
2.700134992550079271e+00
9.049769773746822565e+00
1.322725398171855105e+01
3.819081691289501812e+00
-8.794934435847822085e-01
1.192796617811310611e+01
1.194090427323597048e+01
1.073029693483622182e+01
3.827768333864998151e+00
7.957156399647186795e+00
1.068850924112513567e+01
1.963465713128880097e+01
1.626437159491042550e+01
3.145816507497229964e+00
9.307574132317729010e+00
3.001602483335433558e+00
