5.146094373648487874e+00
9.561243002015213932e+00
2.922502555165551019e+00
-2.338613536875013277e-01
1.606312516188143036e+01
-3.147243779686935028e+00
4.860265157915198309e+00
2.422325955674061504e+00
-1.436444570241262708e+00
6.243948728883337296e+00
5.633187503543527264e+00
3.307890368073900689e+00
-9.830570202137625557e+00
4.869321620197736067e+00
9.280172747973940872e+00
1.406198561526348145e+00
8.594437915417223905e+00
8.039437323934819801e+00
1.681589247771682238e+01
5.838014128341260101e-01
1.261414821816820542e+01
3.155102688527617882e+00
3.007906359627457338e+00
9.571893785009585542e+00
