1.222048997885850099e+02
2.790133589277756343e+01
1.056339576851001105e+01
1.898364245992226529e+01
9.828665328405856272e+00
5.673661987813040319e+00
3.109185215043560824e+00
1.758950011415794101e+00
-1.618381240471473692e+00
1.019094527066340383e+01
1.924723480156048794e+01
3.220542104807206485e+00
5.937732995324304319e+00
1.020069156314848513e+01
1.269814554824684016e+01
-1.495497224440924589e+00
1.339222320187769810e+01
7.506641374834287284e+00
1.345211886847398119e+01
4.562731371772580147e+00
1.105821163016675612e+01
1.288706287096363257e+00
7.650643650287913822e+00
1.403286036894126454e+01
2.291292621072138047e+01
2.690667656286942044e+00
-7.351325945711736920e-02
6.301208432765628586e+00
1.252945037559840813e+01
1.255438545325233157e+01
9.385171532476972445e+00
6.298065456428058262e+00
