1.130984390058477063e-01
9.854041968989703248e-02
7.463844328755221691e-02
5.121517033610071407e-02
5.520808743690303749e-02
1.198720053484267495e-01
8.719520076383008300e-02
1.116788508216990244e-01
1.199018404477108918e-01
9.172864615722055304e-02
9.144036404443789401e-02
2.573623869861814406e-02
8.999742934389844129e-02
1.078590951259726510e-01
8.758243366267308427e-02
1.203097549245612935e-01
8.046454881730143172e-02
1.053136173966139483e-01
2.512610076083873073e-02
7.781140158410340679e-02
1.066494781663611113e-01
9.018592815123355200e-02
7.811876003699461113e-02
9.690524202460110148e-02
9.297320619113613738e-02
1.045860262271082197e-01
1.187643761195072978e-01
4.884976145704433836e-02
8.172682736811096027e-02
9.591017579209511201e-02
7.866539584160812948e-02
9.869839892400786296e-02
1.046768524149941509e-01
2.544028691486859700e-02
1.091252773321234465e-01
1.190000674885339921e-01
8.437794009761399872e-02
4.094046683563021954e-02
1.125447199881707272e-01
8.693624066920686844e-02
9.929777474118650638e-02
1.354137219192162907e-02
8.904522537954584482e-02
8.453485007076681768e-02
1.161993771185614727e-01
1.136244120854415784e-01
9.702496834153528926e-02
6.612891530566133991e-02
1.196782824937755729e-01
6.082490493474564108e-02
2.093671588521897262e-02
7.450870052154712209e-02
1.187745159395550837e-01
1.134420913507289269e-01
1.157605067059563342e-01
1.152519417246376382e-01
9.267815116128096109e-02
8.847471680054568022e-02
6.023844237150681458e-02
3.248230352450681008e-02
4.955707659018552397e-02
1.148871341410968028e-01
8.467845671743812197e-02
7.483995917642084772e-02
9.471959896110723753e-02
6.987859561113186901e-02
4.187610826729235708e-02
1.166540468981539097e-01
3.971903376686714005e-02
1.100010076029500489e-01
6.021699058173423519e-02
5.108088934684017896e-02
1.016714919458674704e-01
-1.015936544023990779e-01
-9.908247503562526981e-02
-8.988559491237969878e-02
-1.181977855691945800e-01
-7.039196097404371022e-02
-7.685454108692574282e-02
-2.285586706045912575e-02
-6.126315832790105338e-03
-8.746847222721799986e-02
-1.552063724962114873e-02
-4.414564860102489913e-02
-3.601192189334245092e-02
-9.255837523068624617e-02
-1.100962015978875219e-01
-9.382624652910101504e-02
-6.998166787776650966e-02
-5.446717544885161522e-02
-1.052153249247767264e-01
-1.769984278326310403e-02
-1.101182138233792740e-01
-1.122742639242267498e-01
-9.185957244065609539e-02
-1.084451216673067708e-01
-6.409505340101510906e-02
-1.008917975616886453e-01
-1.092835537926781786e-01
-1.206508680636287217e-01
-1.181655145303302096e-01
-8.024079574255064962e-02
-8.682549934516152479e-02
-3.826263044840248068e-02
-9.053379382238849193e-02
-6.599269894358243682e-02
-4.928603116102019815e-02
-8.237545343699564926e-02
-7.429973238419747272e-02
-9.363581001670413795e-02
-7.069921786740045178e-02
-1.155292994361413472e-01
-1.133688030844883093e-01
-1.126301177767431716e-01
-9.057280900143353797e-02
-5.551379025631599656e-02
-6.338422749059209604e-02
-7.869458146558580558e-02
-1.163332421808141032e-01
-6.832237421838061042e-02
-1.079199902665668315e-01
-8.504668203145633598e-02
-4.739522104944524777e-02
-5.322183857263522444e-02
-1.058331462478955265e-01
-1.027848996977861751e-01
-7.127175295212181960e-02
-1.151573655289520881e-01
