1.124284266284964318e+01
8.430100781479815453e+00
7.911832117834205924e+00
3.127158176830687530e+00
1.298957010074936491e+01
4.960881705459185831e-01
-1.284590254197275072e-01
5.766765298573866438e+00
2.696265081139756958e+01
1.100271305366184293e+01
4.529101922538837144e+00
1.283253624091014622e+01
1.601838050485795151e+01
1.003477788804264215e+01
2.768295657592147130e+00
6.276391174546084528e+00
2.553189669603917622e+01
2.841100149718537438e+01
3.639126699815452781e+00
2.161295199921644539e+00
1.343483506280560569e+01
4.755161420265996419e+00
4.479136841846627526e+00
-1.441767096888304511e+00
1.085985924531726710e+01
1.035905605846331490e+01
1.226654916045868049e+01
1.529683139508178158e+01
2.974050805491749827e+01
1.892968722795544423e+01
1.326411862986827395e-02
6.291749379765342987e+00
2.276186835775841685e-03
6.343761800626610992e+00
9.467893914245296472e+00
1.227451539006243664e+01
