5.122458214495539952e-02
6.636619271094870709e-02
8.095142296153956529e-02
7.688050201024587693e-02
8.599200971829658313e-02
8.439483496799032869e-02
6.966708676177217618e-02
4.569906963038012498e-02
3.777283632364163146e-02
6.356714934050607113e-02
5.001528438529458109e-02
6.083373413852213168e-02
2.857460090983068857e-02
6.343539698172057095e-02
5.898741449989363533e-02
8.240305086174226634e-02
6.420302837665403661e-02
6.346651924689050706e-02
3.436906708335994015e-02
5.978917867676489251e-02
5.187653874015273753e-02
6.831558919331137680e-02
7.596554433582823618e-02
7.281783817370378331e-02
6.980297945009764082e-02
7.942389877631909900e-02
6.753427320740501560e-02
7.575121476137310073e-02
3.658022258731741250e-02
3.051738321986703986e-02
7.365338329711314247e-02
7.120247884123642734e-02
7.889559381909097557e-02
5.533815609296052068e-02
4.080655866460489167e-02
6.847467013455064977e-02
8.333437506375632187e-02
8.000515374525138390e-02
7.946851830999705768e-02
5.302705595018170764e-02
2.907645680309969144e-02
5.435754206383501541e-02
2.145393116985093787e-02
7.005718904625828081e-02
3.806340775392664383e-02
7.927124999496007463e-02
2.242763754540174487e-02
2.652463638463034221e-02
6.893542736091770595e-02
6.960533173768244930e-02
7.877379823319786978e-02
4.675160936945658291e-02
6.188779917377822126e-02
2.288338363425760844e-02
8.009168340948152887e-02
5.878580904155122216e-02
7.185036775653556862e-02
8.495490487270540569e-02
8.077271183728143567e-02
4.015166981713726158e-02
5.369854188701753822e-02
5.376571304711477012e-02
6.463295643811259317e-02
2.768770595148082464e-02
6.155902223535646839e-02
7.911099367789620196e-02
2.189905146624751553e-02
8.009561720582170086e-02
6.488179219401354891e-02
8.518534842153988040e-02
6.611539339018213113e-02
8.157071769961217467e-02
4.049780190873268626e-02
7.172331648625167311e-02
2.371713428724009365e-02
5.781199373565059502e-02
3.540044012256701039e-02
8.324909176418633650e-02
7.068465818879722529e-02
3.396644488306409942e-02
1.090719051397854612e-02
7.327081473285622371e-02
6.616391116905209757e-02
7.611109161421349134e-02
8.280878487267241683e-02
7.050263011385496381e-02
4.736633726579679571e-02
7.649413684104663935e-02
5.582990894549563071e-02
8.289365075460700116e-02
5.739271854549676116e-02
8.593204103395749027e-02
7.107287687400423715e-02
6.575108510960521457e-02
7.798834501354176552e-02
7.580825495566642647e-02
3.923567010008778555e-02
5.903983700747796742e-02
6.127498380469982575e-02
5.694995669750486933e-02
1.944994573213707639e-02
2.932879463872654219e-02
3.401442358168668689e-02
6.438659544287070324e-02
7.913242180257552827e-03
2.508178881480961631e-02
7.615036621787171778e-02
5.410188824286156495e-02
6.511962570754700752e-02
6.975472883726235862e-02
8.417389576167878806e-02
8.309229392750341892e-02
4.939415160836128915e-02
7.649581000415314747e-02
4.713714693188625349e-02
2.748618520463049289e-02
5.759565907696070908e-02
7.315997099626207756e-02
5.518270416537666978e-02
6.207799946272306996e-02
6.057589777551573851e-02
7.665849200090543714e-02
-4.218003693071031152e-02
-7.036704099106116939e-02
-8.505154146214075062e-02
-2.267787523125363094e-02
-7.205840974107026453e-02
-7.652749761097518699e-02
-3.553196324774235415e-02
-7.941334465341266802e-02
-7.060371042500840355e-02
-8.403343203834159891e-02
-5.083142109566095301e-02
-7.916152935172419969e-02
-7.122913851634926630e-02
-3.498368816242891643e-02
-7.493604799403248695e-02
-4.540515213284549573e-02
-7.732556307345481161e-02
-7.626748489636162032e-02
-4.167987697635327365e-02
-7.020657889068031288e-02
-7.575826743259296558e-02
-8.160834373928640972e-02
-2.297174902811456240e-02
-7.241567636955303922e-02
-7.987239922405800496e-02
-6.440902983656154879e-02
-7.410292447079758205e-02
-8.357129035944076134e-02
-5.172706975774377103e-02
-7.689930452042519071e-02
-4.314808273613127132e-02
-2.791579798637242038e-02
-2.863082148322076276e-02
-8.226916244438355758e-03
-4.648147582796295640e-02
-1.495658401656361353e-02
-7.069917883325484154e-02
-3.232796194296692904e-02
-7.825939832963790810e-02
-9.704815321987473459e-03
-8.048395591995717580e-02
-5.906119897119097711e-02
-7.648700142757139386e-02
-8.367653273658280655e-02
-5.758577556124801905e-02
-7.749363913906731627e-02
-1.141734111506865178e-02
-7.586168917722649341e-02
-6.234326792992566507e-02
-7.321065980643248761e-02
-6.005318429993784790e-02
-5.211210525173686631e-02
-6.394008731964095915e-02
-3.391165334781749002e-02
-4.130517100659576724e-02
-6.592872991529148685e-02
-6.252422396990101050e-02
-7.248098928989429868e-02
-4.737728314815714548e-02
-9.188241306182490589e-03
-3.060727974747931915e-02
-5.369004403198423397e-02
-8.553047957872506046e-02
-3.440883662626576661e-02
-6.909058081207772317e-02
-8.569639096180221849e-02
-8.172360914975329571e-02
-3.148292925850710439e-02
-7.152459089722923435e-02
-8.286166228820338042e-02
-7.225571919648632324e-02
-3.399519261596583436e-02
-5.915859205092447587e-02
-7.564119037831323888e-02
-4.834663025195751196e-02
-7.724113040506068451e-02
-6.160839476564063111e-02
-3.892327654292395550e-02
-3.963218214183019533e-02
-8.000742571502904299e-02
-5.464926341295359147e-02
-6.446872693277702626e-02
-3.840080026799862906e-02
-6.989574846045308598e-02
-3.781184804130229699e-02
-6.851601653135938608e-02
-4.023635110492592565e-02
-3.724307316321987665e-02
-6.200330023904727234e-02
-4.818668879154837381e-02
-6.325042790972185136e-02
-3.679199531962449449e-02
-2.760156033952034654e-02
-3.937389803031123015e-02
-7.469905012610077166e-02
-3.744500516502964615e-02
-4.982427636996714787e-02
-6.084409143606203663e-02
-4.089875698535657550e-02
-5.008507528667579395e-02
-8.546162579421349992e-02
-7.682013145968878687e-02
-5.019312038210973353e-02
-6.773666041901192647e-02
-7.693229681125922370e-02
-7.871020601039495357e-02
-4.129993100396846251e-02
-8.150046188261654556e-02
-8.030297614098994008e-02
-4.863597921857312767e-02
-7.641819567259645896e-02
-6.782894638400298326e-02
-6.814063396657618621e-02
-8.604544030885541428e-02
-7.519721410784103999e-02
-7.276377889545843081e-02
-7.288103388345000544e-02
-6.578206555874877015e-02
-3.646366141138384503e-02
-5.968340736468239621e-02
-7.997333853391101754e-02
-6.511815746049817721e-02
-7.196940300856734252e-02
-7.410081297825454882e-02
-1.310536614434535535e-02
-7.977515102193329100e-02
-1.153642330230058438e-02
-1.669197239791174806e-02
-8.053772312532192501e-02
-7.324952293202126319e-02
-6.268829719073953921e-02
-4.031958565033503389e-02
-5.227789344418767165e-02
-7.661749167061938925e-02
