1.475130041801071812e+01
1.099401585705315298e+01
9.424874198354187271e+00
9.148460962683509834e+00
9.428555966474736039e+00
3.760678376297562409e+00
9.421802773124248631e+00
3.258579343015623575e+00
4.735797812613263602e+00
-3.759434052024849572e-04
8.280341319492572794e+00
9.424418814540526768e+00
1.498515675421115655e-02
6.516981276519689281e+00
9.425045097567950947e+00
6.283373896417309368e+00
1.099552313113667701e+01
6.282673406597379717e+00
9.710187890260884913e+00
1.099224080650702007e+01
1.329525441799630059e+01
1.099754386202765666e+01
3.082335308310248490e+00
1.105549413677991311e+01
-2.786032708827262320e-04
3.130156060254255301e+00
6.275143644646615115e+00
4.719581498874760861e+00
6.475652222500272615e+00
1.570508979900756108e+00
1.099548057735269779e+01
7.855639856730205040e+00
7.853096181544202636e+00
1.569598040089075441e+00
3.144080984273220913e+00
1.570462280243088093e+00
6.281373951147206647e+00
4.712153485046020052e+00
1.413499961135698868e+01
4.712940829539877363e+00
-4.382595570034551469e-01
7.854074564727254959e+00
3.133745898313603284e+00
1.413699414224327278e+01
1.256615427065584001e+01
2.185720358829955412e+00
1.256657175360602174e+01
1.751973451072051115e-04
9.424924591272695551e+00
3.141583657635382387e+00
7.628936172550508488e+00
1.256617444984036958e+01
9.301894156704181071e+00
1.960869693854399676e-04
9.424575254039927685e+00
6.283189487655118199e+00
6.277092355640770727e+00
9.425991069426334690e+00
6.244804765610524555e+00
3.140908452222911151e+00
