1.740694683564645295e-01
1.749352847516355280e-01
2.167804269759439906e-01
1.863935108995937173e-01
2.117613763301064711e-01
2.418221851416341994e-01
1.935636730207032086e-01
2.413821319285088252e-01
2.030080419867090202e-01
1.047832067859581773e-01
9.601582764423428895e-02
1.759635288953149967e-01
2.366635325834174353e-01
2.236854664875046750e-01
2.174642973480936659e-01
1.414549645307281722e-01
-1.687862031230885629e-01
-2.386870711385882249e-01
-1.470514987223358050e-01
-7.995952340340868603e-02
-9.558783380138348440e-02
-2.124377857236929013e-01
-1.740063688623246507e-01
-1.703739921462876228e-01
-2.175958246181881328e-01
-8.933708298491238597e-02
-9.268200242130268662e-02
-8.560302199574466864e-02
-2.212432149190012853e-01
-1.679862391769730567e-01
-1.297690891038672523e-01
-1.684906279354758327e-02
