1.161828245257970416e+01
1.595167206897786016e+01
1.533473427303175463e+01
1.027329002986623507e+01
1.238286767201988781e+01
1.722343391768566434e+01
1.097994293510605068e+01
7.094107626112826637e+00
2.620863327481164351e+00
3.369901447305367448e+00
5.931675409267753274e+00
-3.428863745408171404e+00
1.273880318731167449e+01
1.601009518429680867e+01
1.037888822083627716e+01
1.384467407366971337e+01
7.799091243151605291e+00
1.332494759206647394e+01
8.118538362246329854e+00
1.243039027787593831e+01
9.387778070412201359e+00
2.674527084732749671e+01
2.862658758783321655e+00
9.477019137623031497e+00
6.343601856090651303e+00
1.274414324914252283e+01
9.437237456279341075e+00
1.190092417978420691e+01
