1.694783302178897166e-01
1.423713846547944029e-01
1.149380390129262630e-01
1.326058348907913076e-01
1.499882266290270272e-01
1.075626771869197390e-01
1.353279534501203585e-01
8.390200362707692094e-02
1.249323071699658949e-01
1.277053881405659230e-01
1.660616876256287289e-01
1.543596455375801368e-01
1.497957555299558041e-01
1.061019058628294015e-01
5.687130078849440135e-02
1.329631165810921667e-01
1.493074420612582887e-01
1.417582547566536011e-01
6.258650097198852069e-02
1.404766648254850425e-01
6.010326907448639011e-02
8.551591404785914563e-02
1.469033084823342938e-01
1.474198263583423874e-01
5.915331434396133015e-02
1.059041337479013356e-01
1.034783174870061023e-01
1.220781780977204523e-01
1.627466816062384247e-01
1.439355245161338115e-01
-8.464180341017361886e-02
-1.690059416406361759e-01
-1.585928257479011505e-01
-1.425053205553903357e-01
-1.556594652121315592e-01
-8.720833398701489936e-02
-1.564853924388181772e-01
-8.894271452538060618e-02
-1.406588210360794899e-01
-1.038988334228042876e-01
-9.748704676355382515e-02
-1.133980594958098470e-01
-1.136773210148634833e-01
-1.135652572208441236e-01
-5.950895842549635412e-02
-8.489926388431125182e-02
-1.265708649646135886e-01
-7.254464986937220194e-02
-1.360042162282769085e-01
-1.480912023215591455e-01
-1.501606816127032673e-01
-1.381125088112538923e-01
-6.416874150303494839e-02
-1.324339092995885647e-01
-1.594828191448304788e-01
-1.599177887446604218e-01
-1.260484458369283967e-01
-8.269428714988341644e-02
-8.671126407026155669e-02
-7.810601989999983730e-02
-1.286317745962010650e-01
-1.426269085178427931e-01
-7.558931019817474728e-02
-1.586715477102904059e-01
